<?xml version="1.0" encoding="UTF-8"?>
<!-- Generated by org.testng.reporters.JUnitXMLReporter -->
<testsuite ignored="0" hostname="aj-pc" failures="1" tests="1" name="Default test" time="17.334" errors="0" timestamp="2022-04-07T07:36:01 IST">
  <testcase classname="ltm_testcases.LTM_Sendmessage" name="LTM_Send_Message" time="11.433">
    <failure type="java.lang.StackOverflowError">
      <![CDATA[java.lang.StackOverflowError
at ltm_Pages.LTM_LHS_Page.Thinclientlist(LTM_LHS_Page.java:66)
at ltm_Pages.LTM_LHS_Page.Thinclientlist(LTM_LHS_Page.java:66)
at ltm_Pages.LTM_LHS_Page.Thinclientlist(LTM_LHS_Page.java:66)
at ltm_Pages.LTM_LHS_Page.Thinclientlist(LTM_LHS_Page.java:66)
at ltm_Pages.LTM_LHS_Page.Thinclientlist(LTM_LHS_Page.java:66)
at ltm_Pages.LTM_LHS_Page.Thinclientlist(LTM_LHS_Page.java:66)
at ltm_Pages.LTM_LHS_Page.Thinclientlist(LTM_LHS_Page.java:66)
at ltm_Pages.LTM_LHS_Page.Thinclientlist(LTM_LHS_Page.java:66)
at ltm_Pages.LTM_LHS_Page.Thinclientlist(LTM_LHS_Page.java:66)
at ltm_Pages.LTM_LHS_Page.Thinclientlist(LTM_LHS_Page.java:66)
at ltm_Pages.LTM_LHS_Page.Thinclientlist(LTM_LHS_Page.java:66)
at ltm_Pages.LTM_LHS_Page.Thinclientlist(LTM_LHS_Page.java:66)
at ltm_Pages.LTM_LHS_Page.Thinclientlist(LTM_LHS_Page.java:66)
at ltm_Pages.LTM_LHS_Page.Thinclientlist(LTM_LHS_Page.java:66)
at ltm_Pages.LTM_LHS_Page.Thinclientlist(LTM_LHS_Page.java:66)
at ltm_Pages.LTM_LHS_Page.Thinclientlist(LTM_LHS_Page.java:66)
at ltm_Pages.LTM_LHS_Page.Thinclientlist(LTM_LHS_Page.java:66)
at ltm_Pages.LTM_LHS_Page.Thinclientlist(LTM_LHS_Page.java:66)
at ltm_Pages.LTM_LHS_Page.Thinclientlist(LTM_LHS_Page.java:66)
at ltm_Pages.LTM_LHS_Page.Thinclientlist(LTM_LHS_Page.java:66)
at ltm_Pages.LTM_LHS_Page.Thinclientlist(LTM_LHS_Page.java:66)
at ltm_Pages.LTM_LHS_Page.Thinclientlist(LTM_LHS_Page.java:66)
at ltm_Pages.LTM_LHS_Page.Thinclientlist(LTM_LHS_Page.java:66)
at ltm_Pages.LTM_LHS_Page.Thinclientlist(LTM_LHS_Page.java:66)
at ltm_Pages.LTM_LHS_Page.Thinclientlist(LTM_LHS_Page.java:66)
at ltm_Pages.LTM_LHS_Page.Thinclientlist(LTM_LHS_Page.java:66)
at ltm_Pages.LTM_LHS_Page.Thinclientlist(LTM_LHS_Page.java:66)
at ltm_Pages.LTM_LHS_Page.Thinclientlist(LTM_LHS_Page.java:66)
at ltm_Pages.LTM_LHS_Page.Thinclientlist(LTM_LHS_Page.java:66)
at ltm_Pages.LTM_LHS_Page.Thinclientlist(LTM_LHS_Page.java:66)
at ltm_Pages.LTM_LHS_Page.Thinclientlist(LTM_LHS_Page.java:66)
at ltm_Pages.LTM_LHS_Page.Thinclientlist(LTM_LHS_Page.java:66)
at ltm_Pages.LTM_LHS_Page.Thinclientlist(LTM_LHS_Page.java:66)
at ltm_Pages.LTM_LHS_Page.Thinclientlist(LTM_LHS_Page.java:66)
at ltm_Pages.LTM_LHS_Page.Thinclientlist(LTM_LHS_Page.java:66)
at ltm_Pages.LTM_LHS_Page.Thinclientlist(LTM_LHS_Page.java:66)
at ltm_Pages.LTM_LHS_Page.Thinclientlist(LTM_LHS_Page.java:66)
at ltm_Pages.LTM_LHS_Page.Thinclientlist(LTM_LHS_Page.java:66)
at ltm_Pages.LTM_LHS_Page.Thinclientlist(LTM_LHS_Page.java:66)
at ltm_Pages.LTM_LHS_Page.Thinclientlist(LTM_LHS_Page.java:66)
at ltm_Pages.LTM_LHS_Page.Thinclientlist(LTM_LHS_Page.java:66)
at ltm_Pages.LTM_LHS_Page.Thinclientlist(LTM_LHS_Page.java:66)
at ltm_Pages.LTM_LHS_Page.Thinclientlist(LTM_LHS_Page.java:66)
at ltm_Pages.LTM_LHS_Page.Thinclientlist(LTM_LHS_Page.java:66)
at ltm_Pages.LTM_LHS_Page.Thinclientlist(LTM_LHS_Page.java:66)
at ltm_Pages.LTM_LHS_Page.Thinclientlist(LTM_LHS_Page.java:66)
at ltm_Pages.LTM_LHS_Page.Thinclientlist(LTM_LHS_Page.java:66)
at ltm_Pages.LTM_LHS_Page.Thinclientlist(LTM_LHS_Page.java:66)
at ltm_Pages.LTM_LHS_Page.Thinclientlist(LTM_LHS_Page.java:66)
at ltm_Pages.LTM_LHS_Page.Thinclientlist(LTM_LHS_Page.java:66)
at ltm_Pages.LTM_LHS_Page.Thinclientlist(LTM_LHS_Page.java:66)
at ltm_Pages.LTM_LHS_Page.Thinclientlist(LTM_LHS_Page.java:66)
at ltm_Pages.LTM_LHS_Page.Thinclientlist(LTM_LHS_Page.java:66)
at ltm_Pages.LTM_LHS_Page.Thinclientlist(LTM_LHS_Page.java:66)
at ltm_Pages.LTM_LHS_Page.Thinclientlist(LTM_LHS_Page.java:66)
at ltm_Pages.LTM_LHS_Page.Thinclientlist(LTM_LHS_Page.java:66)
at ltm_Pages.LTM_LHS_Page.Thinclientlist(LTM_LHS_Page.java:66)
at ltm_Pages.LTM_LHS_Page.Thinclientlist(LTM_LHS_Page.java:66)
at ltm_Pages.LTM_LHS_Page.Thinclientlist(LTM_LHS_Page.java:66)
at ltm_Pages.LTM_LHS_Page.Thinclientlist(LTM_LHS_Page.java:66)
at ltm_Pages.LTM_LHS_Page.Thinclientlist(LTM_LHS_Page.java:66)
at ltm_Pages.LTM_LHS_Page.Thinclientlist(LTM_LHS_Page.java:66)
at ltm_Pages.LTM_LHS_Page.Thinclientlist(LTM_LHS_Page.java:66)
at ltm_Pages.LTM_LHS_Page.Thinclientlist(LTM_LHS_Page.java:66)
at ltm_Pages.LTM_LHS_Page.Thinclientlist(LTM_LHS_Page.java:66)
at ltm_Pages.LTM_LHS_Page.Thinclientlist(LTM_LHS_Page.java:66)
at ltm_Pages.LTM_LHS_Page.Thinclientlist(LTM_LHS_Page.java:66)
at ltm_Pages.LTM_LHS_Page.Thinclientlist(LTM_LHS_Page.java:66)
at ltm_Pages.LTM_LHS_Page.Thinclientlist(LTM_LHS_Page.java:66)
at ltm_Pages.LTM_LHS_Page.Thinclientlist(LTM_LHS_Page.java:66)
at ltm_Pages.LTM_LHS_Page.Thinclientlist(LTM_LHS_Page.java:66)
at ltm_Pages.LTM_LHS_Page.Thinclientlist(LTM_LHS_Page.java:66)
at ltm_Pages.LTM_LHS_Page.Thinclientlist(LTM_LHS_Page.java:66)
at ltm_Pages.LTM_LHS_Page.Thinclientlist(LTM_LHS_Page.java:66)
at ltm_Pages.LTM_LHS_Page.Thinclientlist(LTM_LHS_Page.java:66)
at ltm_Pages.LTM_LHS_Page.Thinclientlist(LTM_LHS_Page.java:66)
at ltm_Pages.LTM_LHS_Page.Thinclientlist(LTM_LHS_Page.java:66)
at ltm_Pages.LTM_LHS_Page.Thinclientlist(LTM_LHS_Page.java:66)
at ltm_Pages.LTM_LHS_Page.Thinclientlist(LTM_LHS_Page.java:66)
at ltm_Pages.LTM_LHS_Page.Thinclientlist(LTM_LHS_Page.java:66)
at ltm_Pages.LTM_LHS_Page.Thinclientlist(LTM_LHS_Page.java:66)
at ltm_Pages.LTM_LHS_Page.Thinclientlist(LTM_LHS_Page.java:66)
at ltm_Pages.LTM_LHS_Page.Thinclientlist(LTM_LHS_Page.java:66)
at ltm_Pages.LTM_LHS_Page.Thinclientlist(LTM_LHS_Page.java:66)
at ltm_Pages.LTM_LHS_Page.Thinclientlist(LTM_LHS_Page.java:66)
at ltm_Pages.LTM_LHS_Page.Thinclientlist(LTM_LHS_Page.java:66)
at ltm_Pages.LTM_LHS_Page.Thinclientlist(LTM_LHS_Page.java:66)
at ltm_Pages.LTM_LHS_Page.Thinclientlist(LTM_LHS_Page.java:66)
at ltm_Pages.LTM_LHS_Page.Thinclientlist(LTM_LHS_Page.java:66)
at ltm_Pages.LTM_LHS_Page.Thinclientlist(LTM_LHS_Page.java:66)
at ltm_Pages.LTM_LHS_Page.Thinclientlist(LTM_LHS_Page.java:66)
at ltm_Pages.LTM_LHS_Page.Thinclientlist(LTM_LHS_Page.java:66)
at ltm_Pages.LTM_LHS_Page.Thinclientlist(LTM_LHS_Page.java:66)
at ltm_Pages.LTM_LHS_Page.Thinclientlist(LTM_LHS_Page.java:66)
at ltm_Pages.LTM_LHS_Page.Thinclientlist(LTM_LHS_Page.java:66)
at ltm_Pages.LTM_LHS_Page.Thinclientlist(LTM_LHS_Page.java:66)
at ltm_Pages.LTM_LHS_Page.Thinclientlist(LTM_LHS_Page.java:66)
at ltm_Pages.LTM_LHS_Page.Thinclientlist(LTM_LHS_Page.java:66)
at ltm_Pages.LTM_LHS_Page.Thinclientlist(LTM_LHS_Page.java:66)
at ltm_Pages.LTM_LHS_Page.Thinclientlist(LTM_LHS_Page.java:66)
at ltm_Pages.LTM_LHS_Page.Thinclientlist(LTM_LHS_Page.java:66)
at ltm_Pages.LTM_LHS_Page.Thinclientlist(LTM_LHS_Page.java:66)
at ltm_Pages.LTM_LHS_Page.Thinclientlist(LTM_LHS_Page.java:66)
at ltm_Pages.LTM_LHS_Page.Thinclientlist(LTM_LHS_Page.java:66)
at ltm_Pages.LTM_LHS_Page.Thinclientlist(LTM_LHS_Page.java:66)
at ltm_Pages.LTM_LHS_Page.Thinclientlist(LTM_LHS_Page.java:66)
at ltm_Pages.LTM_LHS_Page.Thinclientlist(LTM_LHS_Page.java:66)
at ltm_Pages.LTM_LHS_Page.Thinclientlist(LTM_LHS_Page.java:66)
at ltm_Pages.LTM_LHS_Page.Thinclientlist(LTM_LHS_Page.java:66)
at ltm_Pages.LTM_LHS_Page.Thinclientlist(LTM_LHS_Page.java:66)
at ltm_Pages.LTM_LHS_Page.Thinclientlist(LTM_LHS_Page.java:66)
at ltm_Pages.LTM_LHS_Page.Thinclientlist(LTM_LHS_Page.java:66)
at ltm_Pages.LTM_LHS_Page.Thinclientlist(LTM_LHS_Page.java:66)
at ltm_Pages.LTM_LHS_Page.Thinclientlist(LTM_LHS_Page.java:66)
at ltm_Pages.LTM_LHS_Page.Thinclientlist(LTM_LHS_Page.java:66)
at ltm_Pages.LTM_LHS_Page.Thinclientlist(LTM_LHS_Page.java:66)
at ltm_Pages.LTM_LHS_Page.Thinclientlist(LTM_LHS_Page.java:66)
at ltm_Pages.LTM_LHS_Page.Thinclientlist(LTM_LHS_Page.java:66)
at ltm_Pages.LTM_LHS_Page.Thinclientlist(LTM_LHS_Page.java:66)
at ltm_Pages.LTM_LHS_Page.Thinclientlist(LTM_LHS_Page.java:66)
at ltm_Pages.LTM_LHS_Page.Thinclientlist(LTM_LHS_Page.java:66)
at ltm_Pages.LTM_LHS_Page.Thinclientlist(LTM_LHS_Page.java:66)
at ltm_Pages.LTM_LHS_Page.Thinclientlist(LTM_LHS_Page.java:66)
at ltm_Pages.LTM_LHS_Page.Thinclientlist(LTM_LHS_Page.java:66)
at ltm_Pages.LTM_LHS_Page.Thinclientlist(LTM_LHS_Page.java:66)
at ltm_Pages.LTM_LHS_Page.Thinclientlist(LTM_LHS_Page.java:66)
at ltm_Pages.LTM_LHS_Page.Thinclientlist(LTM_LHS_Page.java:66)
at ltm_Pages.LTM_LHS_Page.Thinclientlist(LTM_LHS_Page.java:66)
at ltm_Pages.LTM_LHS_Page.Thinclientlist(LTM_LHS_Page.java:66)
at ltm_Pages.LTM_LHS_Page.Thinclientlist(LTM_LHS_Page.java:66)
at ltm_Pages.LTM_LHS_Page.Thinclientlist(LTM_LHS_Page.java:66)
at ltm_Pages.LTM_LHS_Page.Thinclientlist(LTM_LHS_Page.java:66)
at ltm_Pages.LTM_LHS_Page.Thinclientlist(LTM_LHS_Page.java:66)
at ltm_Pages.LTM_LHS_Page.Thinclientlist(LTM_LHS_Page.java:66)
at ltm_Pages.LTM_LHS_Page.Thinclientlist(LTM_LHS_Page.java:66)
at ltm_Pages.LTM_LHS_Page.Thinclientlist(LTM_LHS_Page.java:66)
at ltm_Pages.LTM_LHS_Page.Thinclientlist(LTM_LHS_Page.java:66)
at ltm_Pages.LTM_LHS_Page.Thinclientlist(LTM_LHS_Page.java:66)
at ltm_Pages.LTM_LHS_Page.Thinclientlist(LTM_LHS_Page.java:66)
at ltm_Pages.LTM_LHS_Page.Thinclientlist(LTM_LHS_Page.java:66)
at ltm_Pages.LTM_LHS_Page.Thinclientlist(LTM_LHS_Page.java:66)
at ltm_Pages.LTM_LHS_Page.Thinclientlist(LTM_LHS_Page.java:66)
at ltm_Pages.LTM_LHS_Page.Thinclientlist(LTM_LHS_Page.java:66)
at ltm_Pages.LTM_LHS_Page.Thinclientlist(LTM_LHS_Page.java:66)
at ltm_Pages.LTM_LHS_Page.Thinclientlist(LTM_LHS_Page.java:66)
at ltm_Pages.LTM_LHS_Page.Thinclientlist(LTM_LHS_Page.java:66)
at ltm_Pages.LTM_LHS_Page.Thinclientlist(LTM_LHS_Page.java:66)
at ltm_Pages.LTM_LHS_Page.Thinclientlist(LTM_LHS_Page.java:66)
at ltm_Pages.LTM_LHS_Page.Thinclientlist(LTM_LHS_Page.java:66)
at ltm_Pages.LTM_LHS_Page.Thinclientlist(LTM_LHS_Page.java:66)
at ltm_Pages.LTM_LHS_Page.Thinclientlist(LTM_LHS_Page.java:66)
at ltm_Pages.LTM_LHS_Page.Thinclientlist(LTM_LHS_Page.java:66)
at ltm_Pages.LTM_LHS_Page.Thinclientlist(LTM_LHS_Page.java:66)
at ltm_Pages.LTM_LHS_Page.Thinclientlist(LTM_LHS_Page.java:66)
at ltm_Pages.LTM_LHS_Page.Thinclientlist(LTM_LHS_Page.java:66)
at ltm_Pages.LTM_LHS_Page.Thinclientlist(LTM_LHS_Page.java:66)
at ltm_Pages.LTM_LHS_Page.Thinclientlist(LTM_LHS_Page.java:66)
at ltm_Pages.LTM_LHS_Page.Thinclientlist(LTM_LHS_Page.java:66)
at ltm_Pages.LTM_LHS_Page.Thinclientlist(LTM_LHS_Page.java:66)
at ltm_Pages.LTM_LHS_Page.Thinclientlist(LTM_LHS_Page.java:66)
at ltm_Pages.LTM_LHS_Page.Thinclientlist(LTM_LHS_Page.java:66)
at ltm_Pages.LTM_LHS_Page.Thinclientlist(LTM_LHS_Page.java:66)
at ltm_Pages.LTM_LHS_Page.Thinclientlist(LTM_LHS_Page.java:66)
at ltm_Pages.LTM_LHS_Page.Thinclientlist(LTM_LHS_Page.java:66)
at ltm_Pages.LTM_LHS_Page.Thinclientlist(LTM_LHS_Page.java:66)
at ltm_Pages.LTM_LHS_Page.Thinclientlist(LTM_LHS_Page.java:66)
at ltm_Pages.LTM_LHS_Page.Thinclientlist(LTM_LHS_Page.java:66)
at ltm_Pages.LTM_LHS_Page.Thinclientlist(LTM_LHS_Page.java:66)
at ltm_Pages.LTM_LHS_Page.Thinclientlist(LTM_LHS_Page.java:66)
at ltm_Pages.LTM_LHS_Page.Thinclientlist(LTM_LHS_Page.java:66)
at ltm_Pages.LTM_LHS_Page.Thinclientlist(LTM_LHS_Page.java:66)
at ltm_Pages.LTM_LHS_Page.Thinclientlist(LTM_LHS_Page.java:66)
at ltm_Pages.LTM_LHS_Page.Thinclientlist(LTM_LHS_Page.java:66)
at ltm_Pages.LTM_LHS_Page.Thinclientlist(LTM_LHS_Page.java:66)
at ltm_Pages.LTM_LHS_Page.Thinclientlist(LTM_LHS_Page.java:66)
at ltm_Pages.LTM_LHS_Page.Thinclientlist(LTM_LHS_Page.java:66)
at ltm_Pages.LTM_LHS_Page.Thinclientlist(LTM_LHS_Page.java:66)
at ltm_Pages.LTM_LHS_Page.Thinclientlist(LTM_LHS_Page.java:66)
at ltm_Pages.LTM_LHS_Page.Thinclientlist(LTM_LHS_Page.java:66)
at ltm_Pages.LTM_LHS_Page.Thinclientlist(LTM_LHS_Page.java:66)
at ltm_Pages.LTM_LHS_Page.Thinclientlist(LTM_LHS_Page.java:66)
at ltm_Pages.LTM_LHS_Page.Thinclientlist(LTM_LHS_Page.java:66)
at ltm_Pages.LTM_LHS_Page.Thinclientlist(LTM_LHS_Page.java:66)
at ltm_Pages.LTM_LHS_Page.Thinclientlist(LTM_LHS_Page.java:66)
at ltm_Pages.LTM_LHS_Page.Thinclientlist(LTM_LHS_Page.java:66)
at ltm_Pages.LTM_LHS_Page.Thinclientlist(LTM_LHS_Page.java:66)
at ltm_Pages.LTM_LHS_Page.Thinclientlist(LTM_LHS_Page.java:66)
at ltm_Pages.LTM_LHS_Page.Thinclientlist(LTM_LHS_Page.java:66)
at ltm_Pages.LTM_LHS_Page.Thinclientlist(LTM_LHS_Page.java:66)
at ltm_Pages.LTM_LHS_Page.Thinclientlist(LTM_LHS_Page.java:66)
at ltm_Pages.LTM_LHS_Page.Thinclientlist(LTM_LHS_Page.java:66)
at ltm_Pages.LTM_LHS_Page.Thinclientlist(LTM_LHS_Page.java:66)
at ltm_Pages.LTM_LHS_Page.Thinclientlist(LTM_LHS_Page.java:66)
at ltm_Pages.LTM_LHS_Page.Thinclientlist(LTM_LHS_Page.java:66)
at ltm_Pages.LTM_LHS_Page.Thinclientlist(LTM_LHS_Page.java:66)
at ltm_Pages.LTM_LHS_Page.Thinclientlist(LTM_LHS_Page.java:66)
at ltm_Pages.LTM_LHS_Page.Thinclientlist(LTM_LHS_Page.java:66)
at ltm_Pages.LTM_LHS_Page.Thinclientlist(LTM_LHS_Page.java:66)
at ltm_Pages.LTM_LHS_Page.Thinclientlist(LTM_LHS_Page.java:66)
at ltm_Pages.LTM_LHS_Page.Thinclientlist(LTM_LHS_Page.java:66)
at ltm_Pages.LTM_LHS_Page.Thinclientlist(LTM_LHS_Page.java:66)
at ltm_Pages.LTM_LHS_Page.Thinclientlist(LTM_LHS_Page.java:66)
at ltm_Pages.LTM_LHS_Page.Thinclientlist(LTM_LHS_Page.java:66)
at ltm_Pages.LTM_LHS_Page.Thinclientlist(LTM_LHS_Page.java:66)
at ltm_Pages.LTM_LHS_Page.Thinclientlist(LTM_LHS_Page.java:66)
at ltm_Pages.LTM_LHS_Page.Thinclientlist(LTM_LHS_Page.java:66)
at ltm_Pages.LTM_LHS_Page.Thinclientlist(LTM_LHS_Page.java:66)
at ltm_Pages.LTM_LHS_Page.Thinclientlist(LTM_LHS_Page.java:66)
at ltm_Pages.LTM_LHS_Page.Thinclientlist(LTM_LHS_Page.java:66)
at ltm_Pages.LTM_LHS_Page.Thinclientlist(LTM_LHS_Page.java:66)
at ltm_Pages.LTM_LHS_Page.Thinclientlist(LTM_LHS_Page.java:66)
at ltm_Pages.LTM_LHS_Page.Thinclientlist(LTM_LHS_Page.java:66)
at ltm_Pages.LTM_LHS_Page.Thinclientlist(LTM_LHS_Page.java:66)
at ltm_Pages.LTM_LHS_Page.Thinclientlist(LTM_LHS_Page.java:66)
at ltm_Pages.LTM_LHS_Page.Thinclientlist(LTM_LHS_Page.java:66)
at ltm_Pages.LTM_LHS_Page.Thinclientlist(LTM_LHS_Page.java:66)
at ltm_Pages.LTM_LHS_Page.Thinclientlist(LTM_LHS_Page.java:66)
at ltm_Pages.LTM_LHS_Page.Thinclientlist(LTM_LHS_Page.java:66)
at ltm_Pages.LTM_LHS_Page.Thinclientlist(LTM_LHS_Page.java:66)
at ltm_Pages.LTM_LHS_Page.Thinclientlist(LTM_LHS_Page.java:66)
at ltm_Pages.LTM_LHS_Page.Thinclientlist(LTM_LHS_Page.java:66)
at ltm_Pages.LTM_LHS_Page.Thinclientlist(LTM_LHS_Page.java:66)
at ltm_Pages.LTM_LHS_Page.Thinclientlist(LTM_LHS_Page.java:66)
at ltm_Pages.LTM_LHS_Page.Thinclientlist(LTM_LHS_Page.java:66)
at ltm_Pages.LTM_LHS_Page.Thinclientlist(LTM_LHS_Page.java:66)
at ltm_Pages.LTM_LHS_Page.Thinclientlist(LTM_LHS_Page.java:66)
at ltm_Pages.LTM_LHS_Page.Thinclientlist(LTM_LHS_Page.java:66)
at ltm_Pages.LTM_LHS_Page.Thinclientlist(LTM_LHS_Page.java:66)
at ltm_Pages.LTM_LHS_Page.Thinclientlist(LTM_LHS_Page.java:66)
at ltm_Pages.LTM_LHS_Page.Thinclientlist(LTM_LHS_Page.java:66)
at ltm_Pages.LTM_LHS_Page.Thinclientlist(LTM_LHS_Page.java:66)
at ltm_Pages.LTM_LHS_Page.Thinclientlist(LTM_LHS_Page.java:66)
at ltm_Pages.LTM_LHS_Page.Thinclientlist(LTM_LHS_Page.java:66)
at ltm_Pages.LTM_LHS_Page.Thinclientlist(LTM_LHS_Page.java:66)
at ltm_Pages.LTM_LHS_Page.Thinclientlist(LTM_LHS_Page.java:66)
at ltm_Pages.LTM_LHS_Page.Thinclientlist(LTM_LHS_Page.java:66)
at ltm_Pages.LTM_LHS_Page.Thinclientlist(LTM_LHS_Page.java:66)
at ltm_Pages.LTM_LHS_Page.Thinclientlist(LTM_LHS_Page.java:66)
at ltm_Pages.LTM_LHS_Page.Thinclientlist(LTM_LHS_Page.java:66)
at ltm_Pages.LTM_LHS_Page.Thinclientlist(LTM_LHS_Page.java:66)
at ltm_Pages.LTM_LHS_Page.Thinclientlist(LTM_LHS_Page.java:66)
at ltm_Pages.LTM_LHS_Page.Thinclientlist(LTM_LHS_Page.java:66)
at ltm_Pages.LTM_LHS_Page.Thinclientlist(LTM_LHS_Page.java:66)
at ltm_Pages.LTM_LHS_Page.Thinclientlist(LTM_LHS_Page.java:66)
at ltm_Pages.LTM_LHS_Page.Thinclientlist(LTM_LHS_Page.java:66)
at ltm_Pages.LTM_LHS_Page.Thinclientlist(LTM_LHS_Page.java:66)
at ltm_Pages.LTM_LHS_Page.Thinclientlist(LTM_LHS_Page.java:66)
at ltm_Pages.LTM_LHS_Page.Thinclientlist(LTM_LHS_Page.java:66)
at ltm_Pages.LTM_LHS_Page.Thinclientlist(LTM_LHS_Page.java:66)
at ltm_Pages.LTM_LHS_Page.Thinclientlist(LTM_LHS_Page.java:66)
at ltm_Pages.LTM_LHS_Page.Thinclientlist(LTM_LHS_Page.java:66)
at ltm_Pages.LTM_LHS_Page.Thinclientlist(LTM_LHS_Page.java:66)
at ltm_Pages.LTM_LHS_Page.Thinclientlist(LTM_LHS_Page.java:66)
at ltm_Pages.LTM_LHS_Page.Thinclientlist(LTM_LHS_Page.java:66)
at ltm_Pages.LTM_LHS_Page.Thinclientlist(LTM_LHS_Page.java:66)
at ltm_Pages.LTM_LHS_Page.Thinclientlist(LTM_LHS_Page.java:66)
at ltm_Pages.LTM_LHS_Page.Thinclientlist(LTM_LHS_Page.java:66)
at ltm_Pages.LTM_LHS_Page.Thinclientlist(LTM_LHS_Page.java:66)
at ltm_Pages.LTM_LHS_Page.Thinclientlist(LTM_LHS_Page.java:66)
at ltm_Pages.LTM_LHS_Page.Thinclientlist(LTM_LHS_Page.java:66)
at ltm_Pages.LTM_LHS_Page.Thinclientlist(LTM_LHS_Page.java:66)
at ltm_Pages.LTM_LHS_Page.Thinclientlist(LTM_LHS_Page.java:66)
at ltm_Pages.LTM_LHS_Page.Thinclientlist(LTM_LHS_Page.java:66)
at ltm_Pages.LTM_LHS_Page.Thinclientlist(LTM_LHS_Page.java:66)
at ltm_Pages.LTM_LHS_Page.Thinclientlist(LTM_LHS_Page.java:66)
at ltm_Pages.LTM_LHS_Page.Thinclientlist(LTM_LHS_Page.java:66)
at ltm_Pages.LTM_LHS_Page.Thinclientlist(LTM_LHS_Page.java:66)
at ltm_Pages.LTM_LHS_Page.Thinclientlist(LTM_LHS_Page.java:66)
at ltm_Pages.LTM_LHS_Page.Thinclientlist(LTM_LHS_Page.java:66)
at ltm_Pages.LTM_LHS_Page.Thinclientlist(LTM_LHS_Page.java:66)
at ltm_Pages.LTM_LHS_Page.Thinclientlist(LTM_LHS_Page.java:66)
at ltm_Pages.LTM_LHS_Page.Thinclientlist(LTM_LHS_Page.java:66)
at ltm_Pages.LTM_LHS_Page.Thinclientlist(LTM_LHS_Page.java:66)
at ltm_Pages.LTM_LHS_Page.Thinclientlist(LTM_LHS_Page.java:66)
at ltm_Pages.LTM_LHS_Page.Thinclientlist(LTM_LHS_Page.java:66)
at ltm_Pages.LTM_LHS_Page.Thinclientlist(LTM_LHS_Page.java:66)
at ltm_Pages.LTM_LHS_Page.Thinclientlist(LTM_LHS_Page.java:66)
at ltm_Pages.LTM_LHS_Page.Thinclientlist(LTM_LHS_Page.java:66)
at ltm_Pages.LTM_LHS_Page.Thinclientlist(LTM_LHS_Page.java:66)
at ltm_Pages.LTM_LHS_Page.Thinclientlist(LTM_LHS_Page.java:66)
at ltm_Pages.LTM_LHS_Page.Thinclientlist(LTM_LHS_Page.java:66)
at ltm_Pages.LTM_LHS_Page.Thinclientlist(LTM_LHS_Page.java:66)
at ltm_Pages.LTM_LHS_Page.Thinclientlist(LTM_LHS_Page.java:66)
at ltm_Pages.LTM_LHS_Page.Thinclientlist(LTM_LHS_Page.java:66)
at ltm_Pages.LTM_LHS_Page.Thinclientlist(LTM_LHS_Page.java:66)
at ltm_Pages.LTM_LHS_Page.Thinclientlist(LTM_LHS_Page.java:66)
at ltm_Pages.LTM_LHS_Page.Thinclientlist(LTM_LHS_Page.java:66)
at ltm_Pages.LTM_LHS_Page.Thinclientlist(LTM_LHS_Page.java:66)
at ltm_Pages.LTM_LHS_Page.Thinclientlist(LTM_LHS_Page.java:66)
at ltm_Pages.LTM_LHS_Page.Thinclientlist(LTM_LHS_Page.java:66)
at ltm_Pages.LTM_LHS_Page.Thinclientlist(LTM_LHS_Page.java:66)
at ltm_Pages.LTM_LHS_Page.Thinclientlist(LTM_LHS_Page.java:66)
at ltm_Pages.LTM_LHS_Page.Thinclientlist(LTM_LHS_Page.java:66)
at ltm_Pages.LTM_LHS_Page.Thinclientlist(LTM_LHS_Page.java:66)
at ltm_Pages.LTM_LHS_Page.Thinclientlist(LTM_LHS_Page.java:66)
at ltm_Pages.LTM_LHS_Page.Thinclientlist(LTM_LHS_Page.java:66)
at ltm_Pages.LTM_LHS_Page.Thinclientlist(LTM_LHS_Page.java:66)
at ltm_Pages.LTM_LHS_Page.Thinclientlist(LTM_LHS_Page.java:66)
at ltm_Pages.LTM_LHS_Page.Thinclientlist(LTM_LHS_Page.java:66)
at ltm_Pages.LTM_LHS_Page.Thinclientlist(LTM_LHS_Page.java:66)
at ltm_Pages.LTM_LHS_Page.Thinclientlist(LTM_LHS_Page.java:66)
at ltm_Pages.LTM_LHS_Page.Thinclientlist(LTM_LHS_Page.java:66)
at ltm_Pages.LTM_LHS_Page.Thinclientlist(LTM_LHS_Page.java:66)
at ltm_Pages.LTM_LHS_Page.Thinclientlist(LTM_LHS_Page.java:66)
at ltm_Pages.LTM_LHS_Page.Thinclientlist(LTM_LHS_Page.java:66)
at ltm_Pages.LTM_LHS_Page.Thinclientlist(LTM_LHS_Page.java:66)
at ltm_Pages.LTM_LHS_Page.Thinclientlist(LTM_LHS_Page.java:66)
at ltm_Pages.LTM_LHS_Page.Thinclientlist(LTM_LHS_Page.java:66)
at ltm_Pages.LTM_LHS_Page.Thinclientlist(LTM_LHS_Page.java:66)
at ltm_Pages.LTM_LHS_Page.Thinclientlist(LTM_LHS_Page.java:66)
at ltm_Pages.LTM_LHS_Page.Thinclientlist(LTM_LHS_Page.java:66)
at ltm_Pages.LTM_LHS_Page.Thinclientlist(LTM_LHS_Page.java:66)
at ltm_Pages.LTM_LHS_Page.Thinclientlist(LTM_LHS_Page.java:66)
at ltm_Pages.LTM_LHS_Page.Thinclientlist(LTM_LHS_Page.java:66)
at ltm_Pages.LTM_LHS_Page.Thinclientlist(LTM_LHS_Page.java:66)
at ltm_Pages.LTM_LHS_Page.Thinclientlist(LTM_LHS_Page.java:66)
at ltm_Pages.LTM_LHS_Page.Thinclientlist(LTM_LHS_Page.java:66)
at ltm_Pages.LTM_LHS_Page.Thinclientlist(LTM_LHS_Page.java:66)
at ltm_Pages.LTM_LHS_Page.Thinclientlist(LTM_LHS_Page.java:66)
at ltm_Pages.LTM_LHS_Page.Thinclientlist(LTM_LHS_Page.java:66)
at ltm_Pages.LTM_LHS_Page.Thinclientlist(LTM_LHS_Page.java:66)
at ltm_Pages.LTM_LHS_Page.Thinclientlist(LTM_LHS_Page.java:66)
at ltm_Pages.LTM_LHS_Page.Thinclientlist(LTM_LHS_Page.java:66)
at ltm_Pages.LTM_LHS_Page.Thinclientlist(LTM_LHS_Page.java:66)
at ltm_Pages.LTM_LHS_Page.Thinclientlist(LTM_LHS_Page.java:66)
at ltm_Pages.LTM_LHS_Page.Thinclientlist(LTM_LHS_Page.java:66)
at ltm_Pages.LTM_LHS_Page.Thinclientlist(LTM_LHS_Page.java:66)
at ltm_Pages.LTM_LHS_Page.Thinclientlist(LTM_LHS_Page.java:66)
at ltm_Pages.LTM_LHS_Page.Thinclientlist(LTM_LHS_Page.java:66)
at ltm_Pages.LTM_LHS_Page.Thinclientlist(LTM_LHS_Page.java:66)
at ltm_Pages.LTM_LHS_Page.Thinclientlist(LTM_LHS_Page.java:66)
at ltm_Pages.LTM_LHS_Page.Thinclientlist(LTM_LHS_Page.java:66)
at ltm_Pages.LTM_LHS_Page.Thinclientlist(LTM_LHS_Page.java:66)
at ltm_Pages.LTM_LHS_Page.Thinclientlist(LTM_LHS_Page.java:66)
at ltm_Pages.LTM_LHS_Page.Thinclientlist(LTM_LHS_Page.java:66)
at ltm_Pages.LTM_LHS_Page.Thinclientlist(LTM_LHS_Page.java:66)
at ltm_Pages.LTM_LHS_Page.Thinclientlist(LTM_LHS_Page.java:66)
at ltm_Pages.LTM_LHS_Page.Thinclientlist(LTM_LHS_Page.java:66)
at ltm_Pages.LTM_LHS_Page.Thinclientlist(LTM_LHS_Page.java:66)
at ltm_Pages.LTM_LHS_Page.Thinclientlist(LTM_LHS_Page.java:66)
at ltm_Pages.LTM_LHS_Page.Thinclientlist(LTM_LHS_Page.java:66)
at ltm_Pages.LTM_LHS_Page.Thinclientlist(LTM_LHS_Page.java:66)
at ltm_Pages.LTM_LHS_Page.Thinclientlist(LTM_LHS_Page.java:66)
at ltm_Pages.LTM_LHS_Page.Thinclientlist(LTM_LHS_Page.java:66)
at ltm_Pages.LTM_LHS_Page.Thinclientlist(LTM_LHS_Page.java:66)
at ltm_Pages.LTM_LHS_Page.Thinclientlist(LTM_LHS_Page.java:66)
at ltm_Pages.LTM_LHS_Page.Thinclientlist(LTM_LHS_Page.java:66)
at ltm_Pages.LTM_LHS_Page.Thinclientlist(LTM_LHS_Page.java:66)
at ltm_Pages.LTM_LHS_Page.Thinclientlist(LTM_LHS_Page.java:66)
at ltm_Pages.LTM_LHS_Page.Thinclientlist(LTM_LHS_Page.java:66)
at ltm_Pages.LTM_LHS_Page.Thinclientlist(LTM_LHS_Page.java:66)
at ltm_Pages.LTM_LHS_Page.Thinclientlist(LTM_LHS_Page.java:66)
at ltm_Pages.LTM_LHS_Page.Thinclientlist(LTM_LHS_Page.java:66)
at ltm_Pages.LTM_LHS_Page.Thinclientlist(LTM_LHS_Page.java:66)
at ltm_Pages.LTM_LHS_Page.Thinclientlist(LTM_LHS_Page.java:66)
at ltm_Pages.LTM_LHS_Page.Thinclientlist(LTM_LHS_Page.java:66)
at ltm_Pages.LTM_LHS_Page.Thinclientlist(LTM_LHS_Page.java:66)
at ltm_Pages.LTM_LHS_Page.Thinclientlist(LTM_LHS_Page.java:66)
at ltm_Pages.LTM_LHS_Page.Thinclientlist(LTM_LHS_Page.java:66)
at ltm_Pages.LTM_LHS_Page.Thinclientlist(LTM_LHS_Page.java:66)
at ltm_Pages.LTM_LHS_Page.Thinclientlist(LTM_LHS_Page.java:66)
at ltm_Pages.LTM_LHS_Page.Thinclientlist(LTM_LHS_Page.java:66)
at ltm_Pages.LTM_LHS_Page.Thinclientlist(LTM_LHS_Page.java:66)
at ltm_Pages.LTM_LHS_Page.Thinclientlist(LTM_LHS_Page.java:66)
at ltm_Pages.LTM_LHS_Page.Thinclientlist(LTM_LHS_Page.java:66)
at ltm_Pages.LTM_LHS_Page.Thinclientlist(LTM_LHS_Page.java:66)
at ltm_Pages.LTM_LHS_Page.Thinclientlist(LTM_LHS_Page.java:66)
at ltm_Pages.LTM_LHS_Page.Thinclientlist(LTM_LHS_Page.java:66)
at ltm_Pages.LTM_LHS_Page.Thinclientlist(LTM_LHS_Page.java:66)
at ltm_Pages.LTM_LHS_Page.Thinclientlist(LTM_LHS_Page.java:66)
at ltm_Pages.LTM_LHS_Page.Thinclientlist(LTM_LHS_Page.java:66)
at ltm_Pages.LTM_LHS_Page.Thinclientlist(LTM_LHS_Page.java:66)
at ltm_Pages.LTM_LHS_Page.Thinclientlist(LTM_LHS_Page.java:66)
at ltm_Pages.LTM_LHS_Page.Thinclientlist(LTM_LHS_Page.java:66)
at ltm_Pages.LTM_LHS_Page.Thinclientlist(LTM_LHS_Page.java:66)
at ltm_Pages.LTM_LHS_Page.Thinclientlist(LTM_LHS_Page.java:66)
at ltm_Pages.LTM_LHS_Page.Thinclientlist(LTM_LHS_Page.java:66)
at ltm_Pages.LTM_LHS_Page.Thinclientlist(LTM_LHS_Page.java:66)
at ltm_Pages.LTM_LHS_Page.Thinclientlist(LTM_LHS_Page.java:66)
at ltm_Pages.LTM_LHS_Page.Thinclientlist(LTM_LHS_Page.java:66)
at ltm_Pages.LTM_LHS_Page.Thinclientlist(LTM_LHS_Page.java:66)
at ltm_Pages.LTM_LHS_Page.Thinclientlist(LTM_LHS_Page.java:66)
at ltm_Pages.LTM_LHS_Page.Thinclientlist(LTM_LHS_Page.java:66)
at ltm_Pages.LTM_LHS_Page.Thinclientlist(LTM_LHS_Page.java:66)
at ltm_Pages.LTM_LHS_Page.Thinclientlist(LTM_LHS_Page.java:66)
at ltm_Pages.LTM_LHS_Page.Thinclientlist(LTM_LHS_Page.java:66)
at ltm_Pages.LTM_LHS_Page.Thinclientlist(LTM_LHS_Page.java:66)
at ltm_Pages.LTM_LHS_Page.Thinclientlist(LTM_LHS_Page.java:66)
at ltm_Pages.LTM_LHS_Page.Thinclientlist(LTM_LHS_Page.java:66)
at ltm_Pages.LTM_LHS_Page.Thinclientlist(LTM_LHS_Page.java:66)
at ltm_Pages.LTM_LHS_Page.Thinclientlist(LTM_LHS_Page.java:66)
at ltm_Pages.LTM_LHS_Page.Thinclientlist(LTM_LHS_Page.java:66)
at ltm_Pages.LTM_LHS_Page.Thinclientlist(LTM_LHS_Page.java:66)
at ltm_Pages.LTM_LHS_Page.Thinclientlist(LTM_LHS_Page.java:66)
at ltm_Pages.LTM_LHS_Page.Thinclientlist(LTM_LHS_Page.java:66)
at ltm_Pages.LTM_LHS_Page.Thinclientlist(LTM_LHS_Page.java:66)
at ltm_Pages.LTM_LHS_Page.Thinclientlist(LTM_LHS_Page.java:66)
at ltm_Pages.LTM_LHS_Page.Thinclientlist(LTM_LHS_Page.java:66)
at ltm_Pages.LTM_LHS_Page.Thinclientlist(LTM_LHS_Page.java:66)
at ltm_Pages.LTM_LHS_Page.Thinclientlist(LTM_LHS_Page.java:66)
at ltm_Pages.LTM_LHS_Page.Thinclientlist(LTM_LHS_Page.java:66)
at ltm_Pages.LTM_LHS_Page.Thinclientlist(LTM_LHS_Page.java:66)
at ltm_Pages.LTM_LHS_Page.Thinclientlist(LTM_LHS_Page.java:66)
at ltm_Pages.LTM_LHS_Page.Thinclientlist(LTM_LHS_Page.java:66)
at ltm_Pages.LTM_LHS_Page.Thinclientlist(LTM_LHS_Page.java:66)
at ltm_Pages.LTM_LHS_Page.Thinclientlist(LTM_LHS_Page.java:66)
at ltm_Pages.LTM_LHS_Page.Thinclientlist(LTM_LHS_Page.java:66)
at ltm_Pages.LTM_LHS_Page.Thinclientlist(LTM_LHS_Page.java:66)
at ltm_Pages.LTM_LHS_Page.Thinclientlist(LTM_LHS_Page.java:66)
at ltm_Pages.LTM_LHS_Page.Thinclientlist(LTM_LHS_Page.java:66)
at ltm_Pages.LTM_LHS_Page.Thinclientlist(LTM_LHS_Page.java:66)
at ltm_Pages.LTM_LHS_Page.Thinclientlist(LTM_LHS_Page.java:66)
at ltm_Pages.LTM_LHS_Page.Thinclientlist(LTM_LHS_Page.java:66)
at ltm_Pages.LTM_LHS_Page.Thinclientlist(LTM_LHS_Page.java:66)
at ltm_Pages.LTM_LHS_Page.Thinclientlist(LTM_LHS_Page.java:66)
at ltm_Pages.LTM_LHS_Page.Thinclientlist(LTM_LHS_Page.java:66)
at ltm_Pages.LTM_LHS_Page.Thinclientlist(LTM_LHS_Page.java:66)
at ltm_Pages.LTM_LHS_Page.Thinclientlist(LTM_LHS_Page.java:66)
at ltm_Pages.LTM_LHS_Page.Thinclientlist(LTM_LHS_Page.java:66)
at ltm_Pages.LTM_LHS_Page.Thinclientlist(LTM_LHS_Page.java:66)
at ltm_Pages.LTM_LHS_Page.Thinclientlist(LTM_LHS_Page.java:66)
at ltm_Pages.LTM_LHS_Page.Thinclientlist(LTM_LHS_Page.java:66)
at ltm_Pages.LTM_LHS_Page.Thinclientlist(LTM_LHS_Page.java:66)
at ltm_Pages.LTM_LHS_Page.Thinclientlist(LTM_LHS_Page.java:66)
at ltm_Pages.LTM_LHS_Page.Thinclientlist(LTM_LHS_Page.java:66)
at ltm_Pages.LTM_LHS_Page.Thinclientlist(LTM_LHS_Page.java:66)
at ltm_Pages.LTM_LHS_Page.Thinclientlist(LTM_LHS_Page.java:66)
at ltm_Pages.LTM_LHS_Page.Thinclientlist(LTM_LHS_Page.java:66)
at ltm_Pages.LTM_LHS_Page.Thinclientlist(LTM_LHS_Page.java:66)
at ltm_Pages.LTM_LHS_Page.Thinclientlist(LTM_LHS_Page.java:66)
at ltm_Pages.LTM_LHS_Page.Thinclientlist(LTM_LHS_Page.java:66)
at ltm_Pages.LTM_LHS_Page.Thinclientlist(LTM_LHS_Page.java:66)
at ltm_Pages.LTM_LHS_Page.Thinclientlist(LTM_LHS_Page.java:66)
at ltm_Pages.LTM_LHS_Page.Thinclientlist(LTM_LHS_Page.java:66)
at ltm_Pages.LTM_LHS_Page.Thinclientlist(LTM_LHS_Page.java:66)
at ltm_Pages.LTM_LHS_Page.Thinclientlist(LTM_LHS_Page.java:66)
at ltm_Pages.LTM_LHS_Page.Thinclientlist(LTM_LHS_Page.java:66)
at ltm_Pages.LTM_LHS_Page.Thinclientlist(LTM_LHS_Page.java:66)
at ltm_Pages.LTM_LHS_Page.Thinclientlist(LTM_LHS_Page.java:66)
at ltm_Pages.LTM_LHS_Page.Thinclientlist(LTM_LHS_Page.java:66)
at ltm_Pages.LTM_LHS_Page.Thinclientlist(LTM_LHS_Page.java:66)
at ltm_Pages.LTM_LHS_Page.Thinclientlist(LTM_LHS_Page.java:66)
at ltm_Pages.LTM_LHS_Page.Thinclientlist(LTM_LHS_Page.java:66)
at ltm_Pages.LTM_LHS_Page.Thinclientlist(LTM_LHS_Page.java:66)
at ltm_Pages.LTM_LHS_Page.Thinclientlist(LTM_LHS_Page.java:66)
at ltm_Pages.LTM_LHS_Page.Thinclientlist(LTM_LHS_Page.java:66)
at ltm_Pages.LTM_LHS_Page.Thinclientlist(LTM_LHS_Page.java:66)
at ltm_Pages.LTM_LHS_Page.Thinclientlist(LTM_LHS_Page.java:66)
at ltm_Pages.LTM_LHS_Page.Thinclientlist(LTM_LHS_Page.java:66)
at ltm_Pages.LTM_LHS_Page.Thinclientlist(LTM_LHS_Page.java:66)
at ltm_Pages.LTM_LHS_Page.Thinclientlist(LTM_LHS_Page.java:66)
at ltm_Pages.LTM_LHS_Page.Thinclientlist(LTM_LHS_Page.java:66)
at ltm_Pages.LTM_LHS_Page.Thinclientlist(LTM_LHS_Page.java:66)
at ltm_Pages.LTM_LHS_Page.Thinclientlist(LTM_LHS_Page.java:66)
at ltm_Pages.LTM_LHS_Page.Thinclientlist(LTM_LHS_Page.java:66)
at ltm_Pages.LTM_LHS_Page.Thinclientlist(LTM_LHS_Page.java:66)
at ltm_Pages.LTM_LHS_Page.Thinclientlist(LTM_LHS_Page.java:66)
at ltm_Pages.LTM_LHS_Page.Thinclientlist(LTM_LHS_Page.java:66)
at ltm_Pages.LTM_LHS_Page.Thinclientlist(LTM_LHS_Page.java:66)
at ltm_Pages.LTM_LHS_Page.Thinclientlist(LTM_LHS_Page.java:66)
at ltm_Pages.LTM_LHS_Page.Thinclientlist(LTM_LHS_Page.java:66)
at ltm_Pages.LTM_LHS_Page.Thinclientlist(LTM_LHS_Page.java:66)
at ltm_Pages.LTM_LHS_Page.Thinclientlist(LTM_LHS_Page.java:66)
at ltm_Pages.LTM_LHS_Page.Thinclientlist(LTM_LHS_Page.java:66)
at ltm_Pages.LTM_LHS_Page.Thinclientlist(LTM_LHS_Page.java:66)
at ltm_Pages.LTM_LHS_Page.Thinclientlist(LTM_LHS_Page.java:66)
at ltm_Pages.LTM_LHS_Page.Thinclientlist(LTM_LHS_Page.java:66)
at ltm_Pages.LTM_LHS_Page.Thinclientlist(LTM_LHS_Page.java:66)
at ltm_Pages.LTM_LHS_Page.Thinclientlist(LTM_LHS_Page.java:66)
at ltm_Pages.LTM_LHS_Page.Thinclientlist(LTM_LHS_Page.java:66)
at ltm_Pages.LTM_LHS_Page.Thinclientlist(LTM_LHS_Page.java:66)
at ltm_Pages.LTM_LHS_Page.Thinclientlist(LTM_LHS_Page.java:66)
at ltm_Pages.LTM_LHS_Page.Thinclientlist(LTM_LHS_Page.java:66)
at ltm_Pages.LTM_LHS_Page.Thinclientlist(LTM_LHS_Page.java:66)
at ltm_Pages.LTM_LHS_Page.Thinclientlist(LTM_LHS_Page.java:66)
at ltm_Pages.LTM_LHS_Page.Thinclientlist(LTM_LHS_Page.java:66)
at ltm_Pages.LTM_LHS_Page.Thinclientlist(LTM_LHS_Page.java:66)
at ltm_Pages.LTM_LHS_Page.Thinclientlist(LTM_LHS_Page.java:66)
at ltm_Pages.LTM_LHS_Page.Thinclientlist(LTM_LHS_Page.java:66)
at ltm_Pages.LTM_LHS_Page.Thinclientlist(LTM_LHS_Page.java:66)
at ltm_Pages.LTM_LHS_Page.Thinclientlist(LTM_LHS_Page.java:66)
at ltm_Pages.LTM_LHS_Page.Thinclientlist(LTM_LHS_Page.java:66)
at ltm_Pages.LTM_LHS_Page.Thinclientlist(LTM_LHS_Page.java:66)
at ltm_Pages.LTM_LHS_Page.Thinclientlist(LTM_LHS_Page.java:66)
at ltm_Pages.LTM_LHS_Page.Thinclientlist(LTM_LHS_Page.java:66)
at ltm_Pages.LTM_LHS_Page.Thinclientlist(LTM_LHS_Page.java:66)
at ltm_Pages.LTM_LHS_Page.Thinclientlist(LTM_LHS_Page.java:66)
at ltm_Pages.LTM_LHS_Page.Thinclientlist(LTM_LHS_Page.java:66)
at ltm_Pages.LTM_LHS_Page.Thinclientlist(LTM_LHS_Page.java:66)
at ltm_Pages.LTM_LHS_Page.Thinclientlist(LTM_LHS_Page.java:66)
at ltm_Pages.LTM_LHS_Page.Thinclientlist(LTM_LHS_Page.java:66)
at ltm_Pages.LTM_LHS_Page.Thinclientlist(LTM_LHS_Page.java:66)
at ltm_Pages.LTM_LHS_Page.Thinclientlist(LTM_LHS_Page.java:66)
at ltm_Pages.LTM_LHS_Page.Thinclientlist(LTM_LHS_Page.java:66)
at ltm_Pages.LTM_LHS_Page.Thinclientlist(LTM_LHS_Page.java:66)
at ltm_Pages.LTM_LHS_Page.Thinclientlist(LTM_LHS_Page.java:66)
at ltm_Pages.LTM_LHS_Page.Thinclientlist(LTM_LHS_Page.java:66)
at ltm_Pages.LTM_LHS_Page.Thinclientlist(LTM_LHS_Page.java:66)
at ltm_Pages.LTM_LHS_Page.Thinclientlist(LTM_LHS_Page.java:66)
at ltm_Pages.LTM_LHS_Page.Thinclientlist(LTM_LHS_Page.java:66)
at ltm_Pages.LTM_LHS_Page.Thinclientlist(LTM_LHS_Page.java:66)
at ltm_Pages.LTM_LHS_Page.Thinclientlist(LTM_LHS_Page.java:66)
at ltm_Pages.LTM_LHS_Page.Thinclientlist(LTM_LHS_Page.java:66)
at ltm_Pages.LTM_LHS_Page.Thinclientlist(LTM_LHS_Page.java:66)
at ltm_Pages.LTM_LHS_Page.Thinclientlist(LTM_LHS_Page.java:66)
at ltm_Pages.LTM_LHS_Page.Thinclientlist(LTM_LHS_Page.java:66)
at ltm_Pages.LTM_LHS_Page.Thinclientlist(LTM_LHS_Page.java:66)
at ltm_Pages.LTM_LHS_Page.Thinclientlist(LTM_LHS_Page.java:66)
at ltm_Pages.LTM_LHS_Page.Thinclientlist(LTM_LHS_Page.java:66)
at ltm_Pages.LTM_LHS_Page.Thinclientlist(LTM_LHS_Page.java:66)
at ltm_Pages.LTM_LHS_Page.Thinclientlist(LTM_LHS_Page.java:66)
at ltm_Pages.LTM_LHS_Page.Thinclientlist(LTM_LHS_Page.java:66)
at ltm_Pages.LTM_LHS_Page.Thinclientlist(LTM_LHS_Page.java:66)
at ltm_Pages.LTM_LHS_Page.Thinclientlist(LTM_LHS_Page.java:66)
at ltm_Pages.LTM_LHS_Page.Thinclientlist(LTM_LHS_Page.java:66)
at ltm_Pages.LTM_LHS_Page.Thinclientlist(LTM_LHS_Page.java:66)
at ltm_Pages.LTM_LHS_Page.Thinclientlist(LTM_LHS_Page.java:66)
at ltm_Pages.LTM_LHS_Page.Thinclientlist(LTM_LHS_Page.java:66)
at ltm_Pages.LTM_LHS_Page.Thinclientlist(LTM_LHS_Page.java:66)
at ltm_Pages.LTM_LHS_Page.Thinclientlist(LTM_LHS_Page.java:66)
at ltm_Pages.LTM_LHS_Page.Thinclientlist(LTM_LHS_Page.java:66)
at ltm_Pages.LTM_LHS_Page.Thinclientlist(LTM_LHS_Page.java:66)
at ltm_Pages.LTM_LHS_Page.Thinclientlist(LTM_LHS_Page.java:66)
at ltm_Pages.LTM_LHS_Page.Thinclientlist(LTM_LHS_Page.java:66)
at ltm_Pages.LTM_LHS_Page.Thinclientlist(LTM_LHS_Page.java:66)
at ltm_Pages.LTM_LHS_Page.Thinclientlist(LTM_LHS_Page.java:66)
at ltm_Pages.LTM_LHS_Page.Thinclientlist(LTM_LHS_Page.java:66)
at ltm_Pages.LTM_LHS_Page.Thinclientlist(LTM_LHS_Page.java:66)
at ltm_Pages.LTM_LHS_Page.Thinclientlist(LTM_LHS_Page.java:66)
at ltm_Pages.LTM_LHS_Page.Thinclientlist(LTM_LHS_Page.java:66)
at ltm_Pages.LTM_LHS_Page.Thinclientlist(LTM_LHS_Page.java:66)
at ltm_Pages.LTM_LHS_Page.Thinclientlist(LTM_LHS_Page.java:66)
at ltm_Pages.LTM_LHS_Page.Thinclientlist(LTM_LHS_Page.java:66)
at ltm_Pages.LTM_LHS_Page.Thinclientlist(LTM_LHS_Page.java:66)
at ltm_Pages.LTM_LHS_Page.Thinclientlist(LTM_LHS_Page.java:66)
at ltm_Pages.LTM_LHS_Page.Thinclientlist(LTM_LHS_Page.java:66)
at ltm_Pages.LTM_LHS_Page.Thinclientlist(LTM_LHS_Page.java:66)
at ltm_Pages.LTM_LHS_Page.Thinclientlist(LTM_LHS_Page.java:66)
at ltm_Pages.LTM_LHS_Page.Thinclientlist(LTM_LHS_Page.java:66)
at ltm_Pages.LTM_LHS_Page.Thinclientlist(LTM_LHS_Page.java:66)
at ltm_Pages.LTM_LHS_Page.Thinclientlist(LTM_LHS_Page.java:66)
at ltm_Pages.LTM_LHS_Page.Thinclientlist(LTM_LHS_Page.java:66)
at ltm_Pages.LTM_LHS_Page.Thinclientlist(LTM_LHS_Page.java:66)
at ltm_Pages.LTM_LHS_Page.Thinclientlist(LTM_LHS_Page.java:66)
at ltm_Pages.LTM_LHS_Page.Thinclientlist(LTM_LHS_Page.java:66)
at ltm_Pages.LTM_LHS_Page.Thinclientlist(LTM_LHS_Page.java:66)
at ltm_Pages.LTM_LHS_Page.Thinclientlist(LTM_LHS_Page.java:66)
at ltm_Pages.LTM_LHS_Page.Thinclientlist(LTM_LHS_Page.java:66)
at ltm_Pages.LTM_LHS_Page.Thinclientlist(LTM_LHS_Page.java:66)
at ltm_Pages.LTM_LHS_Page.Thinclientlist(LTM_LHS_Page.java:66)
at ltm_Pages.LTM_LHS_Page.Thinclientlist(LTM_LHS_Page.java:66)
at ltm_Pages.LTM_LHS_Page.Thinclientlist(LTM_LHS_Page.java:66)
at ltm_Pages.LTM_LHS_Page.Thinclientlist(LTM_LHS_Page.java:66)
at ltm_Pages.LTM_LHS_Page.Thinclientlist(LTM_LHS_Page.java:66)
at ltm_Pages.LTM_LHS_Page.Thinclientlist(LTM_LHS_Page.java:66)
at ltm_Pages.LTM_LHS_Page.Thinclientlist(LTM_LHS_Page.java:66)
at ltm_Pages.LTM_LHS_Page.Thinclientlist(LTM_LHS_Page.java:66)
at ltm_Pages.LTM_LHS_Page.Thinclientlist(LTM_LHS_Page.java:66)
at ltm_Pages.LTM_LHS_Page.Thinclientlist(LTM_LHS_Page.java:66)
at ltm_Pages.LTM_LHS_Page.Thinclientlist(LTM_LHS_Page.java:66)
at ltm_Pages.LTM_LHS_Page.Thinclientlist(LTM_LHS_Page.java:66)
at ltm_Pages.LTM_LHS_Page.Thinclientlist(LTM_LHS_Page.java:66)
at ltm_Pages.LTM_LHS_Page.Thinclientlist(LTM_LHS_Page.java:66)
at ltm_Pages.LTM_LHS_Page.Thinclientlist(LTM_LHS_Page.java:66)
at ltm_Pages.LTM_LHS_Page.Thinclientlist(LTM_LHS_Page.java:66)
at ltm_Pages.LTM_LHS_Page.Thinclientlist(LTM_LHS_Page.java:66)
at ltm_Pages.LTM_LHS_Page.Thinclientlist(LTM_LHS_Page.java:66)
at ltm_Pages.LTM_LHS_Page.Thinclientlist(LTM_LHS_Page.java:66)
at ltm_Pages.LTM_LHS_Page.Thinclientlist(LTM_LHS_Page.java:66)
at ltm_Pages.LTM_LHS_Page.Thinclientlist(LTM_LHS_Page.java:66)
at ltm_Pages.LTM_LHS_Page.Thinclientlist(LTM_LHS_Page.java:66)
at ltm_Pages.LTM_LHS_Page.Thinclientlist(LTM_LHS_Page.java:66)
at ltm_Pages.LTM_LHS_Page.Thinclientlist(LTM_LHS_Page.java:66)
at ltm_Pages.LTM_LHS_Page.Thinclientlist(LTM_LHS_Page.java:66)
at ltm_Pages.LTM_LHS_Page.Thinclientlist(LTM_LHS_Page.java:66)
at ltm_Pages.LTM_LHS_Page.Thinclientlist(LTM_LHS_Page.java:66)
at ltm_Pages.LTM_LHS_Page.Thinclientlist(LTM_LHS_Page.java:66)
at ltm_Pages.LTM_LHS_Page.Thinclientlist(LTM_LHS_Page.java:66)
at ltm_Pages.LTM_LHS_Page.Thinclientlist(LTM_LHS_Page.java:66)
at ltm_Pages.LTM_LHS_Page.Thinclientlist(LTM_LHS_Page.java:66)
at ltm_Pages.LTM_LHS_Page.Thinclientlist(LTM_LHS_Page.java:66)
at ltm_Pages.LTM_LHS_Page.Thinclientlist(LTM_LHS_Page.java:66)
at ltm_Pages.LTM_LHS_Page.Thinclientlist(LTM_LHS_Page.java:66)
at ltm_Pages.LTM_LHS_Page.Thinclientlist(LTM_LHS_Page.java:66)
at ltm_Pages.LTM_LHS_Page.Thinclientlist(LTM_LHS_Page.java:66)
at ltm_Pages.LTM_LHS_Page.Thinclientlist(LTM_LHS_Page.java:66)
at ltm_Pages.LTM_LHS_Page.Thinclientlist(LTM_LHS_Page.java:66)
at ltm_Pages.LTM_LHS_Page.Thinclientlist(LTM_LHS_Page.java:66)
at ltm_Pages.LTM_LHS_Page.Thinclientlist(LTM_LHS_Page.java:66)
at ltm_Pages.LTM_LHS_Page.Thinclientlist(LTM_LHS_Page.java:66)
at ltm_Pages.LTM_LHS_Page.Thinclientlist(LTM_LHS_Page.java:66)
at ltm_Pages.LTM_LHS_Page.Thinclientlist(LTM_LHS_Page.java:66)
at ltm_Pages.LTM_LHS_Page.Thinclientlist(LTM_LHS_Page.java:66)
at ltm_Pages.LTM_LHS_Page.Thinclientlist(LTM_LHS_Page.java:66)
at ltm_Pages.LTM_LHS_Page.Thinclientlist(LTM_LHS_Page.java:66)
at ltm_Pages.LTM_LHS_Page.Thinclientlist(LTM_LHS_Page.java:66)
at ltm_Pages.LTM_LHS_Page.Thinclientlist(LTM_LHS_Page.java:66)
at ltm_Pages.LTM_LHS_Page.Thinclientlist(LTM_LHS_Page.java:66)
at ltm_Pages.LTM_LHS_Page.Thinclientlist(LTM_LHS_Page.java:66)
at ltm_Pages.LTM_LHS_Page.Thinclientlist(LTM_LHS_Page.java:66)
at ltm_Pages.LTM_LHS_Page.Thinclientlist(LTM_LHS_Page.java:66)
at ltm_Pages.LTM_LHS_Page.Thinclientlist(LTM_LHS_Page.java:66)
at ltm_Pages.LTM_LHS_Page.Thinclientlist(LTM_LHS_Page.java:66)
at ltm_Pages.LTM_LHS_Page.Thinclientlist(LTM_LHS_Page.java:66)
at ltm_Pages.LTM_LHS_Page.Thinclientlist(LTM_LHS_Page.java:66)
at ltm_Pages.LTM_LHS_Page.Thinclientlist(LTM_LHS_Page.java:66)
at ltm_Pages.LTM_LHS_Page.Thinclientlist(LTM_LHS_Page.java:66)
at ltm_Pages.LTM_LHS_Page.Thinclientlist(LTM_LHS_Page.java:66)
at ltm_Pages.LTM_LHS_Page.Thinclientlist(LTM_LHS_Page.java:66)
at ltm_Pages.LTM_LHS_Page.Thinclientlist(LTM_LHS_Page.java:66)
at ltm_Pages.LTM_LHS_Page.Thinclientlist(LTM_LHS_Page.java:66)
at ltm_Pages.LTM_LHS_Page.Thinclientlist(LTM_LHS_Page.java:66)
at ltm_Pages.LTM_LHS_Page.Thinclientlist(LTM_LHS_Page.java:66)
at ltm_Pages.LTM_LHS_Page.Thinclientlist(LTM_LHS_Page.java:66)
at ltm_Pages.LTM_LHS_Page.Thinclientlist(LTM_LHS_Page.java:66)
at ltm_Pages.LTM_LHS_Page.Thinclientlist(LTM_LHS_Page.java:66)
at ltm_Pages.LTM_LHS_Page.Thinclientlist(LTM_LHS_Page.java:66)
at ltm_Pages.LTM_LHS_Page.Thinclientlist(LTM_LHS_Page.java:66)
at ltm_Pages.LTM_LHS_Page.Thinclientlist(LTM_LHS_Page.java:66)
at ltm_Pages.LTM_LHS_Page.Thinclientlist(LTM_LHS_Page.java:66)
at ltm_Pages.LTM_LHS_Page.Thinclientlist(LTM_LHS_Page.java:66)
at ltm_Pages.LTM_LHS_Page.Thinclientlist(LTM_LHS_Page.java:66)
at ltm_Pages.LTM_LHS_Page.Thinclientlist(LTM_LHS_Page.java:66)
at ltm_Pages.LTM_LHS_Page.Thinclientlist(LTM_LHS_Page.java:66)
at ltm_Pages.LTM_LHS_Page.Thinclientlist(LTM_LHS_Page.java:66)
at ltm_Pages.LTM_LHS_Page.Thinclientlist(LTM_LHS_Page.java:66)
at ltm_Pages.LTM_LHS_Page.Thinclientlist(LTM_LHS_Page.java:66)
at ltm_Pages.LTM_LHS_Page.Thinclientlist(LTM_LHS_Page.java:66)
at ltm_Pages.LTM_LHS_Page.Thinclientlist(LTM_LHS_Page.java:66)
at ltm_Pages.LTM_LHS_Page.Thinclientlist(LTM_LHS_Page.java:66)
at ltm_Pages.LTM_LHS_Page.Thinclientlist(LTM_LHS_Page.java:66)
at ltm_Pages.LTM_LHS_Page.Thinclientlist(LTM_LHS_Page.java:66)
at ltm_Pages.LTM_LHS_Page.Thinclientlist(LTM_LHS_Page.java:66)
at ltm_Pages.LTM_LHS_Page.Thinclientlist(LTM_LHS_Page.java:66)
at ltm_Pages.LTM_LHS_Page.Thinclientlist(LTM_LHS_Page.java:66)
at ltm_Pages.LTM_LHS_Page.Thinclientlist(LTM_LHS_Page.java:66)
at ltm_Pages.LTM_LHS_Page.Thinclientlist(LTM_LHS_Page.java:66)
at ltm_Pages.LTM_LHS_Page.Thinclientlist(LTM_LHS_Page.java:66)
at ltm_Pages.LTM_LHS_Page.Thinclientlist(LTM_LHS_Page.java:66)
at ltm_Pages.LTM_LHS_Page.Thinclientlist(LTM_LHS_Page.java:66)
at ltm_Pages.LTM_LHS_Page.Thinclientlist(LTM_LHS_Page.java:66)
at ltm_Pages.LTM_LHS_Page.Thinclientlist(LTM_LHS_Page.java:66)
at ltm_Pages.LTM_LHS_Page.Thinclientlist(LTM_LHS_Page.java:66)
at ltm_Pages.LTM_LHS_Page.Thinclientlist(LTM_LHS_Page.java:66)
at ltm_Pages.LTM_LHS_Page.Thinclientlist(LTM_LHS_Page.java:66)
at ltm_Pages.LTM_LHS_Page.Thinclientlist(LTM_LHS_Page.java:66)
at ltm_Pages.LTM_LHS_Page.Thinclientlist(LTM_LHS_Page.java:66)
at ltm_Pages.LTM_LHS_Page.Thinclientlist(LTM_LHS_Page.java:66)
at ltm_Pages.LTM_LHS_Page.Thinclientlist(LTM_LHS_Page.java:66)
at ltm_Pages.LTM_LHS_Page.Thinclientlist(LTM_LHS_Page.java:66)
at ltm_Pages.LTM_LHS_Page.Thinclientlist(LTM_LHS_Page.java:66)
at ltm_Pages.LTM_LHS_Page.Thinclientlist(LTM_LHS_Page.java:66)
at ltm_Pages.LTM_LHS_Page.Thinclientlist(LTM_LHS_Page.java:66)
at ltm_Pages.LTM_LHS_Page.Thinclientlist(LTM_LHS_Page.java:66)
at ltm_Pages.LTM_LHS_Page.Thinclientlist(LTM_LHS_Page.java:66)
at ltm_Pages.LTM_LHS_Page.Thinclientlist(LTM_LHS_Page.java:66)
at ltm_Pages.LTM_LHS_Page.Thinclientlist(LTM_LHS_Page.java:66)
at ltm_Pages.LTM_LHS_Page.Thinclientlist(LTM_LHS_Page.java:66)
at ltm_Pages.LTM_LHS_Page.Thinclientlist(LTM_LHS_Page.java:66)
at ltm_Pages.LTM_LHS_Page.Thinclientlist(LTM_LHS_Page.java:66)
at ltm_Pages.LTM_LHS_Page.Thinclientlist(LTM_LHS_Page.java:66)
at ltm_Pages.LTM_LHS_Page.Thinclientlist(LTM_LHS_Page.java:66)
at ltm_Pages.LTM_LHS_Page.Thinclientlist(LTM_LHS_Page.java:66)
at ltm_Pages.LTM_LHS_Page.Thinclientlist(LTM_LHS_Page.java:66)
at ltm_Pages.LTM_LHS_Page.Thinclientlist(LTM_LHS_Page.java:66)
at ltm_Pages.LTM_LHS_Page.Thinclientlist(LTM_LHS_Page.java:66)
at ltm_Pages.LTM_LHS_Page.Thinclientlist(LTM_LHS_Page.java:66)
at ltm_Pages.LTM_LHS_Page.Thinclientlist(LTM_LHS_Page.java:66)
at ltm_Pages.LTM_LHS_Page.Thinclientlist(LTM_LHS_Page.java:66)
at ltm_Pages.LTM_LHS_Page.Thinclientlist(LTM_LHS_Page.java:66)
at ltm_Pages.LTM_LHS_Page.Thinclientlist(LTM_LHS_Page.java:66)
at ltm_Pages.LTM_LHS_Page.Thinclientlist(LTM_LHS_Page.java:66)
at ltm_Pages.LTM_LHS_Page.Thinclientlist(LTM_LHS_Page.java:66)
at ltm_Pages.LTM_LHS_Page.Thinclientlist(LTM_LHS_Page.java:66)
at ltm_Pages.LTM_LHS_Page.Thinclientlist(LTM_LHS_Page.java:66)
at ltm_Pages.LTM_LHS_Page.Thinclientlist(LTM_LHS_Page.java:66)
at ltm_Pages.LTM_LHS_Page.Thinclientlist(LTM_LHS_Page.java:66)
at ltm_Pages.LTM_LHS_Page.Thinclientlist(LTM_LHS_Page.java:66)
at ltm_Pages.LTM_LHS_Page.Thinclientlist(LTM_LHS_Page.java:66)
at ltm_Pages.LTM_LHS_Page.Thinclientlist(LTM_LHS_Page.java:66)
at ltm_Pages.LTM_LHS_Page.Thinclientlist(LTM_LHS_Page.java:66)
at ltm_Pages.LTM_LHS_Page.Thinclientlist(LTM_LHS_Page.java:66)
at ltm_Pages.LTM_LHS_Page.Thinclientlist(LTM_LHS_Page.java:66)
at ltm_Pages.LTM_LHS_Page.Thinclientlist(LTM_LHS_Page.java:66)
at ltm_Pages.LTM_LHS_Page.Thinclientlist(LTM_LHS_Page.java:66)
at ltm_Pages.LTM_LHS_Page.Thinclientlist(LTM_LHS_Page.java:66)
at ltm_Pages.LTM_LHS_Page.Thinclientlist(LTM_LHS_Page.java:66)
at ltm_Pages.LTM_LHS_Page.Thinclientlist(LTM_LHS_Page.java:66)
at ltm_Pages.LTM_LHS_Page.Thinclientlist(LTM_LHS_Page.java:66)
at ltm_Pages.LTM_LHS_Page.Thinclientlist(LTM_LHS_Page.java:66)
at ltm_Pages.LTM_LHS_Page.Thinclientlist(LTM_LHS_Page.java:66)
at ltm_Pages.LTM_LHS_Page.Thinclientlist(LTM_LHS_Page.java:66)
at ltm_Pages.LTM_LHS_Page.Thinclientlist(LTM_LHS_Page.java:66)
at ltm_Pages.LTM_LHS_Page.Thinclientlist(LTM_LHS_Page.java:66)
at ltm_Pages.LTM_LHS_Page.Thinclientlist(LTM_LHS_Page.java:66)
at ltm_Pages.LTM_LHS_Page.Thinclientlist(LTM_LHS_Page.java:66)
at ltm_Pages.LTM_LHS_Page.Thinclientlist(LTM_LHS_Page.java:66)
at ltm_Pages.LTM_LHS_Page.Thinclientlist(LTM_LHS_Page.java:66)
at ltm_Pages.LTM_LHS_Page.Thinclientlist(LTM_LHS_Page.java:66)
at ltm_Pages.LTM_LHS_Page.Thinclientlist(LTM_LHS_Page.java:66)
at ltm_Pages.LTM_LHS_Page.Thinclientlist(LTM_LHS_Page.java:66)
at ltm_Pages.LTM_LHS_Page.Thinclientlist(LTM_LHS_Page.java:66)
at ltm_Pages.LTM_LHS_Page.Thinclientlist(LTM_LHS_Page.java:66)
at ltm_Pages.LTM_LHS_Page.Thinclientlist(LTM_LHS_Page.java:66)
at ltm_Pages.LTM_LHS_Page.Thinclientlist(LTM_LHS_Page.java:66)
at ltm_Pages.LTM_LHS_Page.Thinclientlist(LTM_LHS_Page.java:66)
at ltm_Pages.LTM_LHS_Page.Thinclientlist(LTM_LHS_Page.java:66)
at ltm_Pages.LTM_LHS_Page.Thinclientlist(LTM_LHS_Page.java:66)
at ltm_Pages.LTM_LHS_Page.Thinclientlist(LTM_LHS_Page.java:66)
at ltm_Pages.LTM_LHS_Page.Thinclientlist(LTM_LHS_Page.java:66)
at ltm_Pages.LTM_LHS_Page.Thinclientlist(LTM_LHS_Page.java:66)
at ltm_Pages.LTM_LHS_Page.Thinclientlist(LTM_LHS_Page.java:66)
at ltm_Pages.LTM_LHS_Page.Thinclientlist(LTM_LHS_Page.java:66)
at ltm_Pages.LTM_LHS_Page.Thinclientlist(LTM_LHS_Page.java:66)
at ltm_Pages.LTM_LHS_Page.Thinclientlist(LTM_LHS_Page.java:66)
at ltm_Pages.LTM_LHS_Page.Thinclientlist(LTM_LHS_Page.java:66)
at ltm_Pages.LTM_LHS_Page.Thinclientlist(LTM_LHS_Page.java:66)
at ltm_Pages.LTM_LHS_Page.Thinclientlist(LTM_LHS_Page.java:66)
at ltm_Pages.LTM_LHS_Page.Thinclientlist(LTM_LHS_Page.java:66)
at ltm_Pages.LTM_LHS_Page.Thinclientlist(LTM_LHS_Page.java:66)
at ltm_Pages.LTM_LHS_Page.Thinclientlist(LTM_LHS_Page.java:66)
at ltm_Pages.LTM_LHS_Page.Thinclientlist(LTM_LHS_Page.java:66)
at ltm_Pages.LTM_LHS_Page.Thinclientlist(LTM_LHS_Page.java:66)
at ltm_Pages.LTM_LHS_Page.Thinclientlist(LTM_LHS_Page.java:66)
at ltm_Pages.LTM_LHS_Page.Thinclientlist(LTM_LHS_Page.java:66)
at ltm_Pages.LTM_LHS_Page.Thinclientlist(LTM_LHS_Page.java:66)
at ltm_Pages.LTM_LHS_Page.Thinclientlist(LTM_LHS_Page.java:66)
at ltm_Pages.LTM_LHS_Page.Thinclientlist(LTM_LHS_Page.java:66)
at ltm_Pages.LTM_LHS_Page.Thinclientlist(LTM_LHS_Page.java:66)
at ltm_Pages.LTM_LHS_Page.Thinclientlist(LTM_LHS_Page.java:66)
at ltm_Pages.LTM_LHS_Page.Thinclientlist(LTM_LHS_Page.java:66)
at ltm_Pages.LTM_LHS_Page.Thinclientlist(LTM_LHS_Page.java:66)
at ltm_Pages.LTM_LHS_Page.Thinclientlist(LTM_LHS_Page.java:66)
at ltm_Pages.LTM_LHS_Page.Thinclientlist(LTM_LHS_Page.java:66)
at ltm_Pages.LTM_LHS_Page.Thinclientlist(LTM_LHS_Page.java:66)
at ltm_Pages.LTM_LHS_Page.Thinclientlist(LTM_LHS_Page.java:66)
at ltm_Pages.LTM_LHS_Page.Thinclientlist(LTM_LHS_Page.java:66)
at ltm_Pages.LTM_LHS_Page.Thinclientlist(LTM_LHS_Page.java:66)
at ltm_Pages.LTM_LHS_Page.Thinclientlist(LTM_LHS_Page.java:66)
at ltm_Pages.LTM_LHS_Page.Thinclientlist(LTM_LHS_Page.java:66)
at ltm_Pages.LTM_LHS_Page.Thinclientlist(LTM_LHS_Page.java:66)
at ltm_Pages.LTM_LHS_Page.Thinclientlist(LTM_LHS_Page.java:66)
at ltm_Pages.LTM_LHS_Page.Thinclientlist(LTM_LHS_Page.java:66)
at ltm_Pages.LTM_LHS_Page.Thinclientlist(LTM_LHS_Page.java:66)
at ltm_Pages.LTM_LHS_Page.Thinclientlist(LTM_LHS_Page.java:66)
at ltm_Pages.LTM_LHS_Page.Thinclientlist(LTM_LHS_Page.java:66)
at ltm_Pages.LTM_LHS_Page.Thinclientlist(LTM_LHS_Page.java:66)
at ltm_Pages.LTM_LHS_Page.Thinclientlist(LTM_LHS_Page.java:66)
at ltm_Pages.LTM_LHS_Page.Thinclientlist(LTM_LHS_Page.java:66)
at ltm_Pages.LTM_LHS_Page.Thinclientlist(LTM_LHS_Page.java:66)
at ltm_Pages.LTM_LHS_Page.Thinclientlist(LTM_LHS_Page.java:66)
at ltm_Pages.LTM_LHS_Page.Thinclientlist(LTM_LHS_Page.java:66)
at ltm_Pages.LTM_LHS_Page.Thinclientlist(LTM_LHS_Page.java:66)
at ltm_Pages.LTM_LHS_Page.Thinclientlist(LTM_LHS_Page.java:66)
at ltm_Pages.LTM_LHS_Page.Thinclientlist(LTM_LHS_Page.java:66)
at ltm_Pages.LTM_LHS_Page.Thinclientlist(LTM_LHS_Page.java:66)
at ltm_Pages.LTM_LHS_Page.Thinclientlist(LTM_LHS_Page.java:66)
at ltm_Pages.LTM_LHS_Page.Thinclientlist(LTM_LHS_Page.java:66)
at ltm_Pages.LTM_LHS_Page.Thinclientlist(LTM_LHS_Page.java:66)
at ltm_Pages.LTM_LHS_Page.Thinclientlist(LTM_LHS_Page.java:66)
at ltm_Pages.LTM_LHS_Page.Thinclientlist(LTM_LHS_Page.java:66)
at ltm_Pages.LTM_LHS_Page.Thinclientlist(LTM_LHS_Page.java:66)
at ltm_Pages.LTM_LHS_Page.Thinclientlist(LTM_LHS_Page.java:66)
at ltm_Pages.LTM_LHS_Page.Thinclientlist(LTM_LHS_Page.java:66)
at ltm_Pages.LTM_LHS_Page.Thinclientlist(LTM_LHS_Page.java:66)
at ltm_Pages.LTM_LHS_Page.Thinclientlist(LTM_LHS_Page.java:66)
at ltm_Pages.LTM_LHS_Page.Thinclientlist(LTM_LHS_Page.java:66)
at ltm_Pages.LTM_LHS_Page.Thinclientlist(LTM_LHS_Page.java:66)
at ltm_Pages.LTM_LHS_Page.Thinclientlist(LTM_LHS_Page.java:66)
at ltm_Pages.LTM_LHS_Page.Thinclientlist(LTM_LHS_Page.java:66)
at ltm_Pages.LTM_LHS_Page.Thinclientlist(LTM_LHS_Page.java:66)
at ltm_Pages.LTM_LHS_Page.Thinclientlist(LTM_LHS_Page.java:66)
at ltm_Pages.LTM_LHS_Page.Thinclientlist(LTM_LHS_Page.java:66)
at ltm_Pages.LTM_LHS_Page.Thinclientlist(LTM_LHS_Page.java:66)
at ltm_Pages.LTM_LHS_Page.Thinclientlist(LTM_LHS_Page.java:66)
at ltm_Pages.LTM_LHS_Page.Thinclientlist(LTM_LHS_Page.java:66)
at ltm_Pages.LTM_LHS_Page.Thinclientlist(LTM_LHS_Page.java:66)
at ltm_Pages.LTM_LHS_Page.Thinclientlist(LTM_LHS_Page.java:66)
at ltm_Pages.LTM_LHS_Page.Thinclientlist(LTM_LHS_Page.java:66)
at ltm_Pages.LTM_LHS_Page.Thinclientlist(LTM_LHS_Page.java:66)
at ltm_Pages.LTM_LHS_Page.Thinclientlist(LTM_LHS_Page.java:66)
at ltm_Pages.LTM_LHS_Page.Thinclientlist(LTM_LHS_Page.java:66)
at ltm_Pages.LTM_LHS_Page.Thinclientlist(LTM_LHS_Page.java:66)
at ltm_Pages.LTM_LHS_Page.Thinclientlist(LTM_LHS_Page.java:66)
at ltm_Pages.LTM_LHS_Page.Thinclientlist(LTM_LHS_Page.java:66)
at ltm_Pages.LTM_LHS_Page.Thinclientlist(LTM_LHS_Page.java:66)
at ltm_Pages.LTM_LHS_Page.Thinclientlist(LTM_LHS_Page.java:66)
at ltm_Pages.LTM_LHS_Page.Thinclientlist(LTM_LHS_Page.java:66)
at ltm_Pages.LTM_LHS_Page.Thinclientlist(LTM_LHS_Page.java:66)
at ltm_Pages.LTM_LHS_Page.Thinclientlist(LTM_LHS_Page.java:66)
at ltm_Pages.LTM_LHS_Page.Thinclientlist(LTM_LHS_Page.java:66)
at ltm_Pages.LTM_LHS_Page.Thinclientlist(LTM_LHS_Page.java:66)
at ltm_Pages.LTM_LHS_Page.Thinclientlist(LTM_LHS_Page.java:66)
at ltm_Pages.LTM_LHS_Page.Thinclientlist(LTM_LHS_Page.java:66)
at ltm_Pages.LTM_LHS_Page.Thinclientlist(LTM_LHS_Page.java:66)
at ltm_Pages.LTM_LHS_Page.Thinclientlist(LTM_LHS_Page.java:66)
at ltm_Pages.LTM_LHS_Page.Thinclientlist(LTM_LHS_Page.java:66)
at ltm_Pages.LTM_LHS_Page.Thinclientlist(LTM_LHS_Page.java:66)
at ltm_Pages.LTM_LHS_Page.Thinclientlist(LTM_LHS_Page.java:66)
at ltm_Pages.LTM_LHS_Page.Thinclientlist(LTM_LHS_Page.java:66)
at ltm_Pages.LTM_LHS_Page.Thinclientlist(LTM_LHS_Page.java:66)
at ltm_Pages.LTM_LHS_Page.Thinclientlist(LTM_LHS_Page.java:66)
at ltm_Pages.LTM_LHS_Page.Thinclientlist(LTM_LHS_Page.java:66)
at ltm_Pages.LTM_LHS_Page.Thinclientlist(LTM_LHS_Page.java:66)
at ltm_Pages.LTM_LHS_Page.Thinclientlist(LTM_LHS_Page.java:66)
at ltm_Pages.LTM_LHS_Page.Thinclientlist(LTM_LHS_Page.java:66)
at ltm_Pages.LTM_LHS_Page.Thinclientlist(LTM_LHS_Page.java:66)
at ltm_Pages.LTM_LHS_Page.Thinclientlist(LTM_LHS_Page.java:66)
at ltm_Pages.LTM_LHS_Page.Thinclientlist(LTM_LHS_Page.java:66)
at ltm_Pages.LTM_LHS_Page.Thinclientlist(LTM_LHS_Page.java:66)
at ltm_Pages.LTM_LHS_Page.Thinclientlist(LTM_LHS_Page.java:66)
at ltm_Pages.LTM_LHS_Page.Thinclientlist(LTM_LHS_Page.java:66)
at ltm_Pages.LTM_LHS_Page.Thinclientlist(LTM_LHS_Page.java:66)
at ltm_Pages.LTM_LHS_Page.Thinclientlist(LTM_LHS_Page.java:66)
at ltm_Pages.LTM_LHS_Page.Thinclientlist(LTM_LHS_Page.java:66)
at ltm_Pages.LTM_LHS_Page.Thinclientlist(LTM_LHS_Page.java:66)
at ltm_Pages.LTM_LHS_Page.Thinclientlist(LTM_LHS_Page.java:66)
at ltm_Pages.LTM_LHS_Page.Thinclientlist(LTM_LHS_Page.java:66)
at ltm_Pages.LTM_LHS_Page.Thinclientlist(LTM_LHS_Page.java:66)
at ltm_Pages.LTM_LHS_Page.Thinclientlist(LTM_LHS_Page.java:66)
at ltm_Pages.LTM_LHS_Page.Thinclientlist(LTM_LHS_Page.java:66)
at ltm_Pages.LTM_LHS_Page.Thinclientlist(LTM_LHS_Page.java:66)
at ltm_Pages.LTM_LHS_Page.Thinclientlist(LTM_LHS_Page.java:66)
at ltm_Pages.LTM_LHS_Page.Thinclientlist(LTM_LHS_Page.java:66)
at ltm_Pages.LTM_LHS_Page.Thinclientlist(LTM_LHS_Page.java:66)
at ltm_Pages.LTM_LHS_Page.Thinclientlist(LTM_LHS_Page.java:66)
at ltm_Pages.LTM_LHS_Page.Thinclientlist(LTM_LHS_Page.java:66)
at ltm_Pages.LTM_LHS_Page.Thinclientlist(LTM_LHS_Page.java:66)
at ltm_Pages.LTM_LHS_Page.Thinclientlist(LTM_LHS_Page.java:66)
at ltm_Pages.LTM_LHS_Page.Thinclientlist(LTM_LHS_Page.java:66)
at ltm_Pages.LTM_LHS_Page.Thinclientlist(LTM_LHS_Page.java:66)
at ltm_Pages.LTM_LHS_Page.Thinclientlist(LTM_LHS_Page.java:66)
at ltm_Pages.LTM_LHS_Page.Thinclientlist(LTM_LHS_Page.java:66)
at ltm_Pages.LTM_LHS_Page.Thinclientlist(LTM_LHS_Page.java:66)
at ltm_Pages.LTM_LHS_Page.Thinclientlist(LTM_LHS_Page.java:66)
at ltm_Pages.LTM_LHS_Page.Thinclientlist(LTM_LHS_Page.java:66)
at ltm_Pages.LTM_LHS_Page.Thinclientlist(LTM_LHS_Page.java:66)
at ltm_Pages.LTM_LHS_Page.Thinclientlist(LTM_LHS_Page.java:66)
at ltm_Pages.LTM_LHS_Page.Thinclientlist(LTM_LHS_Page.java:66)
at ltm_Pages.LTM_LHS_Page.Thinclientlist(LTM_LHS_Page.java:66)
at ltm_Pages.LTM_LHS_Page.Thinclientlist(LTM_LHS_Page.java:66)
at ltm_Pages.LTM_LHS_Page.Thinclientlist(LTM_LHS_Page.java:66)
at ltm_Pages.LTM_LHS_Page.Thinclientlist(LTM_LHS_Page.java:66)
at ltm_Pages.LTM_LHS_Page.Thinclientlist(LTM_LHS_Page.java:66)
at ltm_Pages.LTM_LHS_Page.Thinclientlist(LTM_LHS_Page.java:66)
at ltm_Pages.LTM_LHS_Page.Thinclientlist(LTM_LHS_Page.java:66)
at ltm_Pages.LTM_LHS_Page.Thinclientlist(LTM_LHS_Page.java:66)
at ltm_Pages.LTM_LHS_Page.Thinclientlist(LTM_LHS_Page.java:66)
at ltm_Pages.LTM_LHS_Page.Thinclientlist(LTM_LHS_Page.java:66)
at ltm_Pages.LTM_LHS_Page.Thinclientlist(LTM_LHS_Page.java:66)
at ltm_Pages.LTM_LHS_Page.Thinclientlist(LTM_LHS_Page.java:66)
at ltm_Pages.LTM_LHS_Page.Thinclientlist(LTM_LHS_Page.java:66)
at ltm_Pages.LTM_LHS_Page.Thinclientlist(LTM_LHS_Page.java:66)
at ltm_Pages.LTM_LHS_Page.Thinclientlist(LTM_LHS_Page.java:66)
at ltm_Pages.LTM_LHS_Page.Thinclientlist(LTM_LHS_Page.java:66)
at ltm_Pages.LTM_LHS_Page.Thinclientlist(LTM_LHS_Page.java:66)
at ltm_Pages.LTM_LHS_Page.Thinclientlist(LTM_LHS_Page.java:66)
at ltm_Pages.LTM_LHS_Page.Thinclientlist(LTM_LHS_Page.java:66)
at ltm_Pages.LTM_LHS_Page.Thinclientlist(LTM_LHS_Page.java:66)
at ltm_Pages.LTM_LHS_Page.Thinclientlist(LTM_LHS_Page.java:66)
at ltm_Pages.LTM_LHS_Page.Thinclientlist(LTM_LHS_Page.java:66)
at ltm_Pages.LTM_LHS_Page.Thinclientlist(LTM_LHS_Page.java:66)
at ltm_Pages.LTM_LHS_Page.Thinclientlist(LTM_LHS_Page.java:66)
at ltm_Pages.LTM_LHS_Page.Thinclientlist(LTM_LHS_Page.java:66)
at ltm_Pages.LTM_LHS_Page.Thinclientlist(LTM_LHS_Page.java:66)
at ltm_Pages.LTM_LHS_Page.Thinclientlist(LTM_LHS_Page.java:66)
at ltm_Pages.LTM_LHS_Page.Thinclientlist(LTM_LHS_Page.java:66)
at ltm_Pages.LTM_LHS_Page.Thinclientlist(LTM_LHS_Page.java:66)
at ltm_Pages.LTM_LHS_Page.Thinclientlist(LTM_LHS_Page.java:66)
at ltm_Pages.LTM_LHS_Page.Thinclientlist(LTM_LHS_Page.java:66)
at ltm_Pages.LTM_LHS_Page.Thinclientlist(LTM_LHS_Page.java:66)
at ltm_Pages.LTM_LHS_Page.Thinclientlist(LTM_LHS_Page.java:66)
at ltm_Pages.LTM_LHS_Page.Thinclientlist(LTM_LHS_Page.java:66)
at ltm_Pages.LTM_LHS_Page.Thinclientlist(LTM_LHS_Page.java:66)
at ltm_Pages.LTM_LHS_Page.Thinclientlist(LTM_LHS_Page.java:66)
at ltm_Pages.LTM_LHS_Page.Thinclientlist(LTM_LHS_Page.java:66)
at ltm_Pages.LTM_LHS_Page.Thinclientlist(LTM_LHS_Page.java:66)
at ltm_Pages.LTM_LHS_Page.Thinclientlist(LTM_LHS_Page.java:66)
at ltm_Pages.LTM_LHS_Page.Thinclientlist(LTM_LHS_Page.java:66)
at ltm_Pages.LTM_LHS_Page.Thinclientlist(LTM_LHS_Page.java:66)
at ltm_Pages.LTM_LHS_Page.Thinclientlist(LTM_LHS_Page.java:66)
at ltm_Pages.LTM_LHS_Page.Thinclientlist(LTM_LHS_Page.java:66)
at ltm_Pages.LTM_LHS_Page.Thinclientlist(LTM_LHS_Page.java:66)
at ltm_Pages.LTM_LHS_Page.Thinclientlist(LTM_LHS_Page.java:66)
at ltm_Pages.LTM_LHS_Page.Thinclientlist(LTM_LHS_Page.java:66)
at ltm_Pages.LTM_LHS_Page.Thinclientlist(LTM_LHS_Page.java:66)
at ltm_Pages.LTM_LHS_Page.Thinclientlist(LTM_LHS_Page.java:66)
at ltm_Pages.LTM_LHS_Page.Thinclientlist(LTM_LHS_Page.java:66)
at ltm_Pages.LTM_LHS_Page.Thinclientlist(LTM_LHS_Page.java:66)
at ltm_Pages.LTM_LHS_Page.Thinclientlist(LTM_LHS_Page.java:66)
at ltm_Pages.LTM_LHS_Page.Thinclientlist(LTM_LHS_Page.java:66)
at ltm_Pages.LTM_LHS_Page.Thinclientlist(LTM_LHS_Page.java:66)
at ltm_Pages.LTM_LHS_Page.Thinclientlist(LTM_LHS_Page.java:66)
at ltm_Pages.LTM_LHS_Page.Thinclientlist(LTM_LHS_Page.java:66)
at ltm_Pages.LTM_LHS_Page.Thinclientlist(LTM_LHS_Page.java:66)
at ltm_Pages.LTM_LHS_Page.Thinclientlist(LTM_LHS_Page.java:66)
at ltm_Pages.LTM_LHS_Page.Thinclientlist(LTM_LHS_Page.java:66)
at ltm_Pages.LTM_LHS_Page.Thinclientlist(LTM_LHS_Page.java:66)
at ltm_Pages.LTM_LHS_Page.Thinclientlist(LTM_LHS_Page.java:66)
at ltm_Pages.LTM_LHS_Page.Thinclientlist(LTM_LHS_Page.java:66)
at ltm_Pages.LTM_LHS_Page.Thinclientlist(LTM_LHS_Page.java:66)
at ltm_Pages.LTM_LHS_Page.Thinclientlist(LTM_LHS_Page.java:66)
at ltm_Pages.LTM_LHS_Page.Thinclientlist(LTM_LHS_Page.java:66)
at ltm_Pages.LTM_LHS_Page.Thinclientlist(LTM_LHS_Page.java:66)
at ltm_Pages.LTM_LHS_Page.Thinclientlist(LTM_LHS_Page.java:66)
at ltm_Pages.LTM_LHS_Page.Thinclientlist(LTM_LHS_Page.java:66)
at ltm_Pages.LTM_LHS_Page.Thinclientlist(LTM_LHS_Page.java:66)
at ltm_Pages.LTM_LHS_Page.Thinclientlist(LTM_LHS_Page.java:66)
at ltm_Pages.LTM_LHS_Page.Thinclientlist(LTM_LHS_Page.java:66)
at ltm_Pages.LTM_LHS_Page.Thinclientlist(LTM_LHS_Page.java:66)
at ltm_Pages.LTM_LHS_Page.Thinclientlist(LTM_LHS_Page.java:66)
at ltm_Pages.LTM_LHS_Page.Thinclientlist(LTM_LHS_Page.java:66)
at ltm_Pages.LTM_LHS_Page.Thinclientlist(LTM_LHS_Page.java:66)
at ltm_Pages.LTM_LHS_Page.Thinclientlist(LTM_LHS_Page.java:66)
at ltm_Pages.LTM_LHS_Page.Thinclientlist(LTM_LHS_Page.java:66)
at ltm_Pages.LTM_LHS_Page.Thinclientlist(LTM_LHS_Page.java:66)
at ltm_Pages.LTM_LHS_Page.Thinclientlist(LTM_LHS_Page.java:66)
at ltm_Pages.LTM_LHS_Page.Thinclientlist(LTM_LHS_Page.java:66)
at ltm_Pages.LTM_LHS_Page.Thinclientlist(LTM_LHS_Page.java:66)
at ltm_Pages.LTM_LHS_Page.Thinclientlist(LTM_LHS_Page.java:66)
at ltm_Pages.LTM_LHS_Page.Thinclientlist(LTM_LHS_Page.java:66)
at ltm_Pages.LTM_LHS_Page.Thinclientlist(LTM_LHS_Page.java:66)
at ltm_Pages.LTM_LHS_Page.Thinclientlist(LTM_LHS_Page.java:66)
at ltm_Pages.LTM_LHS_Page.Thinclientlist(LTM_LHS_Page.java:66)
at ltm_Pages.LTM_LHS_Page.Thinclientlist(LTM_LHS_Page.java:66)
at ltm_Pages.LTM_LHS_Page.Thinclientlist(LTM_LHS_Page.java:66)
at ltm_Pages.LTM_LHS_Page.Thinclientlist(LTM_LHS_Page.java:66)
at ltm_Pages.LTM_LHS_Page.Thinclientlist(LTM_LHS_Page.java:66)
at ltm_Pages.LTM_LHS_Page.Thinclientlist(LTM_LHS_Page.java:66)
at ltm_Pages.LTM_LHS_Page.Thinclientlist(LTM_LHS_Page.java:66)
at ltm_Pages.LTM_LHS_Page.Thinclientlist(LTM_LHS_Page.java:66)
at ltm_Pages.LTM_LHS_Page.Thinclientlist(LTM_LHS_Page.java:66)
at ltm_Pages.LTM_LHS_Page.Thinclientlist(LTM_LHS_Page.java:66)
at ltm_Pages.LTM_LHS_Page.Thinclientlist(LTM_LHS_Page.java:66)
at ltm_Pages.LTM_LHS_Page.Thinclientlist(LTM_LHS_Page.java:66)
at ltm_Pages.LTM_LHS_Page.Thinclientlist(LTM_LHS_Page.java:66)
at ltm_Pages.LTM_LHS_Page.Thinclientlist(LTM_LHS_Page.java:66)
at ltm_Pages.LTM_LHS_Page.Thinclientlist(LTM_LHS_Page.java:66)
at ltm_Pages.LTM_LHS_Page.Thinclientlist(LTM_LHS_Page.java:66)
at ltm_Pages.LTM_LHS_Page.Thinclientlist(LTM_LHS_Page.java:66)
at ltm_Pages.LTM_LHS_Page.Thinclientlist(LTM_LHS_Page.java:66)
at ltm_Pages.LTM_LHS_Page.Thinclientlist(LTM_LHS_Page.java:66)
at ltm_Pages.LTM_LHS_Page.Thinclientlist(LTM_LHS_Page.java:66)
at ltm_Pages.LTM_LHS_Page.Thinclientlist(LTM_LHS_Page.java:66)
at ltm_Pages.LTM_LHS_Page.Thinclientlist(LTM_LHS_Page.java:66)
at ltm_Pages.LTM_LHS_Page.Thinclientlist(LTM_LHS_Page.java:66)
at ltm_Pages.LTM_LHS_Page.Thinclientlist(LTM_LHS_Page.java:66)
at ltm_Pages.LTM_LHS_Page.Thinclientlist(LTM_LHS_Page.java:66)
at ltm_Pages.LTM_LHS_Page.Thinclientlist(LTM_LHS_Page.java:66)
at ltm_Pages.LTM_LHS_Page.Thinclientlist(LTM_LHS_Page.java:66)
at ltm_Pages.LTM_LHS_Page.Thinclientlist(LTM_LHS_Page.java:66)
at ltm_Pages.LTM_LHS_Page.Thinclientlist(LTM_LHS_Page.java:66)
at ltm_Pages.LTM_LHS_Page.Thinclientlist(LTM_LHS_Page.java:66)
at ltm_Pages.LTM_LHS_Page.Thinclientlist(LTM_LHS_Page.java:66)
at ltm_Pages.LTM_LHS_Page.Thinclientlist(LTM_LHS_Page.java:66)
at ltm_Pages.LTM_LHS_Page.Thinclientlist(LTM_LHS_Page.java:66)
at ltm_Pages.LTM_LHS_Page.Thinclientlist(LTM_LHS_Page.java:66)
at ltm_Pages.LTM_LHS_Page.Thinclientlist(LTM_LHS_Page.java:66)
at ltm_Pages.LTM_LHS_Page.Thinclientlist(LTM_LHS_Page.java:66)
at ltm_Pages.LTM_LHS_Page.Thinclientlist(LTM_LHS_Page.java:66)
at ltm_Pages.LTM_LHS_Page.Thinclientlist(LTM_LHS_Page.java:66)
at ltm_Pages.LTM_LHS_Page.Thinclientlist(LTM_LHS_Page.java:66)
at ltm_Pages.LTM_LHS_Page.Thinclientlist(LTM_LHS_Page.java:66)
at ltm_Pages.LTM_LHS_Page.Thinclientlist(LTM_LHS_Page.java:66)
at ltm_Pages.LTM_LHS_Page.Thinclientlist(LTM_LHS_Page.java:66)
at ltm_Pages.LTM_LHS_Page.Thinclientlist(LTM_LHS_Page.java:66)
at ltm_Pages.LTM_LHS_Page.Thinclientlist(LTM_LHS_Page.java:66)
at ltm_Pages.LTM_LHS_Page.Thinclientlist(LTM_LHS_Page.java:66)
at ltm_Pages.LTM_LHS_Page.Thinclientlist(LTM_LHS_Page.java:66)
at ltm_Pages.LTM_LHS_Page.Thinclientlist(LTM_LHS_Page.java:66)
at ltm_Pages.LTM_LHS_Page.Thinclientlist(LTM_LHS_Page.java:66)
at ltm_Pages.LTM_LHS_Page.Thinclientlist(LTM_LHS_Page.java:66)
at ltm_Pages.LTM_LHS_Page.Thinclientlist(LTM_LHS_Page.java:66)
at ltm_Pages.LTM_LHS_Page.Thinclientlist(LTM_LHS_Page.java:66)
at ltm_Pages.LTM_LHS_Page.Thinclientlist(LTM_LHS_Page.java:66)
at ltm_Pages.LTM_LHS_Page.Thinclientlist(LTM_LHS_Page.java:66)
at ltm_Pages.LTM_LHS_Page.Thinclientlist(LTM_LHS_Page.java:66)
at ltm_Pages.LTM_LHS_Page.Thinclientlist(LTM_LHS_Page.java:66)
at ltm_Pages.LTM_LHS_Page.Thinclientlist(LTM_LHS_Page.java:66)
at ltm_Pages.LTM_LHS_Page.Thinclientlist(LTM_LHS_Page.java:66)
at ltm_Pages.LTM_LHS_Page.Thinclientlist(LTM_LHS_Page.java:66)
at ltm_Pages.LTM_LHS_Page.Thinclientlist(LTM_LHS_Page.java:66)
at ltm_Pages.LTM_LHS_Page.Thinclientlist(LTM_LHS_Page.java:66)
at ltm_Pages.LTM_LHS_Page.Thinclientlist(LTM_LHS_Page.java:66)
at ltm_Pages.LTM_LHS_Page.Thinclientlist(LTM_LHS_Page.java:66)
at ltm_Pages.LTM_LHS_Page.Thinclientlist(LTM_LHS_Page.java:66)
at ltm_Pages.LTM_LHS_Page.Thinclientlist(LTM_LHS_Page.java:66)
at ltm_Pages.LTM_LHS_Page.Thinclientlist(LTM_LHS_Page.java:66)
at ltm_Pages.LTM_LHS_Page.Thinclientlist(LTM_LHS_Page.java:66)
at ltm_Pages.LTM_LHS_Page.Thinclientlist(LTM_LHS_Page.java:66)
at ltm_Pages.LTM_LHS_Page.Thinclientlist(LTM_LHS_Page.java:66)
at ltm_Pages.LTM_LHS_Page.Thinclientlist(LTM_LHS_Page.java:66)
at ltm_Pages.LTM_LHS_Page.Thinclientlist(LTM_LHS_Page.java:66)
at ltm_Pages.LTM_LHS_Page.Thinclientlist(LTM_LHS_Page.java:66)
at ltm_Pages.LTM_LHS_Page.Thinclientlist(LTM_LHS_Page.java:66)
at ltm_Pages.LTM_LHS_Page.Thinclientlist(LTM_LHS_Page.java:66)
at ltm_Pages.LTM_LHS_Page.Thinclientlist(LTM_LHS_Page.java:66)
at ltm_Pages.LTM_LHS_Page.Thinclientlist(LTM_LHS_Page.java:66)
at ltm_Pages.LTM_LHS_Page.Thinclientlist(LTM_LHS_Page.java:66)
at ltm_Pages.LTM_LHS_Page.Thinclientlist(LTM_LHS_Page.java:66)
at ltm_Pages.LTM_LHS_Page.Thinclientlist(LTM_LHS_Page.java:66)
at ltm_Pages.LTM_LHS_Page.Thinclientlist(LTM_LHS_Page.java:66)
at ltm_Pages.LTM_LHS_Page.Thinclientlist(LTM_LHS_Page.java:66)
at ltm_Pages.LTM_LHS_Page.Thinclientlist(LTM_LHS_Page.java:66)
at ltm_Pages.LTM_LHS_Page.Thinclientlist(LTM_LHS_Page.java:66)
at ltm_Pages.LTM_LHS_Page.Thinclientlist(LTM_LHS_Page.java:66)
at ltm_Pages.LTM_LHS_Page.Thinclientlist(LTM_LHS_Page.java:66)
at ltm_Pages.LTM_LHS_Page.Thinclientlist(LTM_LHS_Page.java:66)
at ltm_Pages.LTM_LHS_Page.Thinclientlist(LTM_LHS_Page.java:66)
at ltm_Pages.LTM_LHS_Page.Thinclientlist(LTM_LHS_Page.java:66)
at ltm_Pages.LTM_LHS_Page.Thinclientlist(LTM_LHS_Page.java:66)
at ltm_Pages.LTM_LHS_Page.Thinclientlist(LTM_LHS_Page.java:66)
at ltm_Pages.LTM_LHS_Page.Thinclientlist(LTM_LHS_Page.java:66)
at ltm_Pages.LTM_LHS_Page.Thinclientlist(LTM_LHS_Page.java:66)
at ltm_Pages.LTM_LHS_Page.Thinclientlist(LTM_LHS_Page.java:66)
at ltm_Pages.LTM_LHS_Page.Thinclientlist(LTM_LHS_Page.java:66)
at ltm_Pages.LTM_LHS_Page.Thinclientlist(LTM_LHS_Page.java:66)
at ltm_Pages.LTM_LHS_Page.Thinclientlist(LTM_LHS_Page.java:66)
at ltm_Pages.LTM_LHS_Page.Thinclientlist(LTM_LHS_Page.java:66)
at ltm_Pages.LTM_LHS_Page.Thinclientlist(LTM_LHS_Page.java:66)
at ltm_Pages.LTM_LHS_Page.Thinclientlist(LTM_LHS_Page.java:66)
at ltm_Pages.LTM_LHS_Page.Thinclientlist(LTM_LHS_Page.java:66)
at ltm_Pages.LTM_LHS_Page.Thinclientlist(LTM_LHS_Page.java:66)
at ltm_Pages.LTM_LHS_Page.Thinclientlist(LTM_LHS_Page.java:66)
]]>
    </failure>
  </testcase> <!-- LTM_Send_Message -->
</testsuite> <!-- Default test -->
