<?xml version="1.0" encoding="UTF-8"?>
<testsuite xmlns:xsi="http://www.w3.org/2001/XMLSchema-instance" xsi:noNamespaceSchemaLocation="https://maven.apache.org/surefire/maven-surefire-plugin/xsd/surefire-test-report-3.0.xsd" version="3.0" name="TestSuite" time="61.825" tests="1" errors="0" skipped="0" failures="0">
  <properties>
[...]
</properties>
  <testcase name="LTM_Send_Message" classname="ltm_testcases.LTM_Sendmessage" time="52.783">
    <system-out><![CDATA[Project Path is G:\LTM-Automation\LTM_Test\LTMTest
Test Execution start
Login Process start
Invalid Username and Password
Login Pass
2022-04-18 16:48:13 INFO  log4j==:31 - Send Message testing
cccccc
765
192.168.1.136
Click done
2022-04-18 16:48:42 INFO  log4j==:43 - Right click on TC
2022-04-18 16:48:49 INFO  log4j==:59 - Message Send on TC
2022-04-18 16:48:51 INFO  log4j==:65 - Clicked on close button
G:\LTM-Automation\LTM_Test\LTMTest\Screenshots\LTMTest-2022-04-18 16-48-06
]]></system-out>
    <system-err><![CDATA[SLF4J: Failed to load class "org.slf4j.impl.StaticLoggerBinder".
SLF4J: Defaulting to no-operation (NOP) logger implementation
SLF4J: See http://www.slf4j.org/codes.html#StaticLoggerBinder for further details.
Starting ChromeDriver 100.0.4896.60 (6a5d10861ce8de5fce22564658033b43cb7de047-refs/branch-heads/4896@{#875}) on port 62604
Only local connections are allowed.
Please see https://chromedriver.chromium.org/security-considerations for suggestions on keeping ChromeDriver safe.
ChromeDriver was started successfully.
Apr 18, 2022 4:48:09 PM org.openqa.selenium.remote.ProtocolHandshake createSession
INFO: Detected dialect: W3C
Apr 18, 2022 4:48:09 PM org.openqa.selenium.devtools.CdpVersionFinder findNearestMatch
WARNING: Unable to find an exact match for CDP version 100, so returning the closest version found: 97
Apr 18, 2022 4:48:09 PM org.openqa.selenium.devtools.CdpVersionFinder findNearestMatch
INFO: Found CDP implementation for version 100 of 97
]]></system-err>
  </testcase>
</testsuite>